21-Apr-2018 12:24:36.880 WARNING [main] org.apache.catalina.core.StandardServer.await StandardServer.await: Invalid command '' received
21-Apr-2018 12:24:43.198 INFO [ContainerBackgroundProcessor[StandardEngine[Catalina]]] org.apache.catalina.startup.HostConfig.undeploy Undeploying context [/sutdbank]
21-Apr-2018 12:24:43.235 WARNING [ContainerBackgroundProcessor[StandardEngine[Catalina]]] org.apache.catalina.loader.WebappClassLoaderBase.clearReferencesJdbc The web application [sutdbank] registered the JDBC driver [com.mysql.jdbc.Driver] but failed to unregister it when the web application was stopped. To prevent a memory leak, the JDBC Driver has been forcibly unregistered.
21-Apr-2018 12:24:43.236 WARNING [ContainerBackgroundProcessor[StandardEngine[Catalina]]] org.apache.catalina.loader.WebappClassLoaderBase.clearReferencesThreads The web application [sutdbank] appears to have started a thread named [Abandoned connection cleanup thread] but has failed to stop it. This is very likely to create a memory leak. Stack trace of thread:
 java.lang.Object.wait(Native Method)
 java.lang.ref.ReferenceQueue.remove(ReferenceQueue.java:143)
 com.mysql.jdbc.AbandonedConnectionCleanupThread.run(AbandonedConnectionCleanupThread.java:43)
21-Apr-2018 12:24:43.258 INFO [ContainerBackgroundProcessor[StandardEngine[Catalina]]] org.apache.catalina.startup.HostConfig.deployWAR Deploying web application archive [/Users/darrenng/Desktop/project/bankwebapp/apache-tomcat-9.0.7/webapps/sutdbank.war]
21-Apr-2018 12:24:43.708 INFO [ContainerBackgroundProcessor[StandardEngine[Catalina]]] org.apache.catalina.startup.HostConfig.deployWAR Deployment of web application archive [/Users/darrenng/Desktop/project/bankwebapp/apache-tomcat-9.0.7/webapps/sutdbank.war] has finished in [451] ms
21-Apr-2018 13:51:54.654 WARNING [main] org.apache.catalina.core.StandardServer.await StandardServer.await: Invalid command '' received
21-Apr-2018 13:52:03.322 INFO [ContainerBackgroundProcessor[StandardEngine[Catalina]]] org.apache.catalina.startup.HostConfig.undeploy Undeploying context [/sutdbank]
21-Apr-2018 13:52:03.330 WARNING [ContainerBackgroundProcessor[StandardEngine[Catalina]]] org.apache.catalina.loader.WebappClassLoaderBase.clearReferencesJdbc The web application [sutdbank] registered the JDBC driver [com.mysql.jdbc.Driver] but failed to unregister it when the web application was stopped. To prevent a memory leak, the JDBC Driver has been forcibly unregistered.
21-Apr-2018 13:52:03.331 WARNING [ContainerBackgroundProcessor[StandardEngine[Catalina]]] org.apache.catalina.loader.WebappClassLoaderBase.clearReferencesThreads The web application [sutdbank] appears to have started a thread named [Abandoned connection cleanup thread] but has failed to stop it. This is very likely to create a memory leak. Stack trace of thread:
 java.lang.Object.wait(Native Method)
 java.lang.ref.ReferenceQueue.remove(ReferenceQueue.java:143)
 com.mysql.jdbc.AbandonedConnectionCleanupThread.run(AbandonedConnectionCleanupThread.java:43)
21-Apr-2018 13:52:03.356 INFO [ContainerBackgroundProcessor[StandardEngine[Catalina]]] org.apache.catalina.startup.HostConfig.deployWAR Deploying web application archive [/Users/darrenng/Desktop/project/bankwebapp/apache-tomcat-9.0.7/webapps/sutdbank.war]
21-Apr-2018 13:52:03.761 INFO [ContainerBackgroundProcessor[StandardEngine[Catalina]]] org.apache.catalina.startup.HostConfig.deployWAR Deployment of web application archive [/Users/darrenng/Desktop/project/bankwebapp/apache-tomcat-9.0.7/webapps/sutdbank.war] has finished in [405] ms
21-Apr-2018 13:54:12.810 WARNING [main] org.apache.catalina.core.StandardServer.await StandardServer.await: Invalid command '' received
21-Apr-2018 14:04:40.114 WARNING [main] org.apache.catalina.core.StandardServer.await StandardServer.await: Invalid command '' received
21-Apr-2018 14:04:41.976 INFO [ContainerBackgroundProcessor[StandardEngine[Catalina]]] org.apache.catalina.startup.HostConfig.undeploy Undeploying context [/sutdbank]
21-Apr-2018 14:04:41.980 WARNING [ContainerBackgroundProcessor[StandardEngine[Catalina]]] org.apache.catalina.loader.WebappClassLoaderBase.clearReferencesJdbc The web application [sutdbank] registered the JDBC driver [com.mysql.jdbc.Driver] but failed to unregister it when the web application was stopped. To prevent a memory leak, the JDBC Driver has been forcibly unregistered.
21-Apr-2018 14:04:41.980 WARNING [ContainerBackgroundProcessor[StandardEngine[Catalina]]] org.apache.catalina.loader.WebappClassLoaderBase.clearReferencesThreads The web application [sutdbank] appears to have started a thread named [Abandoned connection cleanup thread] but has failed to stop it. This is very likely to create a memory leak. Stack trace of thread:
 java.lang.Object.wait(Native Method)
 java.lang.ref.ReferenceQueue.remove(ReferenceQueue.java:143)
 com.mysql.jdbc.AbandonedConnectionCleanupThread.run(AbandonedConnectionCleanupThread.java:43)
21-Apr-2018 14:04:42.004 INFO [ContainerBackgroundProcessor[StandardEngine[Catalina]]] org.apache.catalina.startup.HostConfig.deployWAR Deploying web application archive [/Users/darrenng/Desktop/project/bankwebapp/apache-tomcat-9.0.7/webapps/sutdbank.war]
21-Apr-2018 14:04:42.635 INFO [ContainerBackgroundProcessor[StandardEngine[Catalina]]] org.apache.catalina.startup.HostConfig.deployWAR Deployment of web application archive [/Users/darrenng/Desktop/project/bankwebapp/apache-tomcat-9.0.7/webapps/sutdbank.war] has finished in [631] ms
21-Apr-2018 14:13:04.487 WARNING [main] org.apache.catalina.core.StandardServer.await StandardServer.await: Invalid command '' received
21-Apr-2018 14:13:07.765 INFO [ContainerBackgroundProcessor[StandardEngine[Catalina]]] org.apache.catalina.startup.HostConfig.undeploy Undeploying context [/sutdbank]
21-Apr-2018 14:13:07.768 WARNING [ContainerBackgroundProcessor[StandardEngine[Catalina]]] org.apache.catalina.loader.WebappClassLoaderBase.clearReferencesJdbc The web application [sutdbank] registered the JDBC driver [com.mysql.jdbc.Driver] but failed to unregister it when the web application was stopped. To prevent a memory leak, the JDBC Driver has been forcibly unregistered.
21-Apr-2018 14:13:07.769 WARNING [ContainerBackgroundProcessor[StandardEngine[Catalina]]] org.apache.catalina.loader.WebappClassLoaderBase.clearReferencesThreads The web application [sutdbank] appears to have started a thread named [Abandoned connection cleanup thread] but has failed to stop it. This is very likely to create a memory leak. Stack trace of thread:
 java.lang.Object.wait(Native Method)
 java.lang.ref.ReferenceQueue.remove(ReferenceQueue.java:143)
 com.mysql.jdbc.AbandonedConnectionCleanupThread.run(AbandonedConnectionCleanupThread.java:43)
21-Apr-2018 14:13:07.792 INFO [ContainerBackgroundProcessor[StandardEngine[Catalina]]] org.apache.catalina.startup.HostConfig.deployWAR Deploying web application archive [/Users/darrenng/Desktop/project/bankwebapp/apache-tomcat-9.0.7/webapps/sutdbank.war]
21-Apr-2018 14:13:08.323 INFO [ContainerBackgroundProcessor[StandardEngine[Catalina]]] org.apache.catalina.startup.HostConfig.deployWAR Deployment of web application archive [/Users/darrenng/Desktop/project/bankwebapp/apache-tomcat-9.0.7/webapps/sutdbank.war] has finished in [530] ms
21-Apr-2018 14:15:07.059 WARNING [main] org.apache.catalina.core.StandardServer.await StandardServer.await: Invalid command '' received
21-Apr-2018 14:15:09.564 INFO [ContainerBackgroundProcessor[StandardEngine[Catalina]]] org.apache.catalina.startup.HostConfig.undeploy Undeploying context [/sutdbank]
21-Apr-2018 14:15:09.569 WARNING [ContainerBackgroundProcessor[StandardEngine[Catalina]]] org.apache.catalina.loader.WebappClassLoaderBase.clearReferencesJdbc The web application [sutdbank] registered the JDBC driver [com.mysql.jdbc.Driver] but failed to unregister it when the web application was stopped. To prevent a memory leak, the JDBC Driver has been forcibly unregistered.
21-Apr-2018 14:15:09.570 WARNING [ContainerBackgroundProcessor[StandardEngine[Catalina]]] org.apache.catalina.loader.WebappClassLoaderBase.clearReferencesThreads The web application [sutdbank] appears to have started a thread named [Abandoned connection cleanup thread] but has failed to stop it. This is very likely to create a memory leak. Stack trace of thread:
 java.lang.Object.wait(Native Method)
 java.lang.ref.ReferenceQueue.remove(ReferenceQueue.java:143)
 com.mysql.jdbc.AbandonedConnectionCleanupThread.run(AbandonedConnectionCleanupThread.java:43)
21-Apr-2018 14:15:09.595 INFO [ContainerBackgroundProcessor[StandardEngine[Catalina]]] org.apache.catalina.startup.HostConfig.deployWAR Deploying web application archive [/Users/darrenng/Desktop/project/bankwebapp/apache-tomcat-9.0.7/webapps/sutdbank.war]
21-Apr-2018 14:15:10.051 INFO [ContainerBackgroundProcessor[StandardEngine[Catalina]]] org.apache.catalina.startup.HostConfig.deployWAR Deployment of web application archive [/Users/darrenng/Desktop/project/bankwebapp/apache-tomcat-9.0.7/webapps/sutdbank.war] has finished in [457] ms
21-Apr-2018 14:16:02.110 WARNING [main] org.apache.catalina.core.StandardServer.await StandardServer.await: Invalid command '' received
21-Apr-2018 14:16:10.666 INFO [ContainerBackgroundProcessor[StandardEngine[Catalina]]] org.apache.catalina.startup.HostConfig.undeploy Undeploying context [/sutdbank]
21-Apr-2018 14:16:10.677 WARNING [ContainerBackgroundProcessor[StandardEngine[Catalina]]] org.apache.catalina.loader.WebappClassLoaderBase.clearReferencesThreads The web application [sutdbank] appears to have started a thread named [Abandoned connection cleanup thread] but has failed to stop it. This is very likely to create a memory leak. Stack trace of thread:
 java.lang.Object.wait(Native Method)
 java.lang.ref.ReferenceQueue.remove(ReferenceQueue.java:143)
 com.mysql.jdbc.AbandonedConnectionCleanupThread.run(AbandonedConnectionCleanupThread.java:43)
21-Apr-2018 14:16:10.711 INFO [ContainerBackgroundProcessor[StandardEngine[Catalina]]] org.apache.catalina.startup.HostConfig.deployWAR Deploying web application archive [/Users/darrenng/Desktop/project/bankwebapp/apache-tomcat-9.0.7/webapps/sutdbank.war]
21-Apr-2018 14:16:11.099 INFO [ContainerBackgroundProcessor[StandardEngine[Catalina]]] org.apache.catalina.startup.HostConfig.deployWAR Deployment of web application archive [/Users/darrenng/Desktop/project/bankwebapp/apache-tomcat-9.0.7/webapps/sutdbank.war] has finished in [388] ms
