14-Apr-2018 00:01:05.811 WARNING [main] org.apache.catalina.core.StandardServer.await StandardServer.await: Invalid command '' received
14-Apr-2018 00:01:12.382 INFO [ContainerBackgroundProcessor[StandardEngine[Catalina]]] org.apache.catalina.startup.HostConfig.undeploy Undeploying context [/sutdbank]
14-Apr-2018 00:01:12.387 WARNING [ContainerBackgroundProcessor[StandardEngine[Catalina]]] org.apache.catalina.loader.WebappClassLoaderBase.clearReferencesJdbc The web application [sutdbank] registered the JDBC driver [com.mysql.jdbc.Driver] but failed to unregister it when the web application was stopped. To prevent a memory leak, the JDBC Driver has been forcibly unregistered.
14-Apr-2018 00:01:12.388 WARNING [ContainerBackgroundProcessor[StandardEngine[Catalina]]] org.apache.catalina.loader.WebappClassLoaderBase.clearReferencesThreads The web application [sutdbank] appears to have started a thread named [Abandoned connection cleanup thread] but has failed to stop it. This is very likely to create a memory leak. Stack trace of thread:
 java.lang.Object.wait(Native Method)
 java.lang.ref.ReferenceQueue.remove(ReferenceQueue.java:143)
 com.mysql.jdbc.AbandonedConnectionCleanupThread.run(AbandonedConnectionCleanupThread.java:43)
14-Apr-2018 00:01:12.417 INFO [ContainerBackgroundProcessor[StandardEngine[Catalina]]] org.apache.catalina.startup.HostConfig.deployWAR Deploying web application archive [/Users/darrenng/Desktop/project/bankwebapp/apache-tomcat-9.0.7/webapps/sutdbank.war]
14-Apr-2018 00:01:12.793 INFO [ContainerBackgroundProcessor[StandardEngine[Catalina]]] org.apache.catalina.startup.HostConfig.deployWAR Deployment of web application archive [/Users/darrenng/Desktop/project/bankwebapp/apache-tomcat-9.0.7/webapps/sutdbank.war] has finished in [376] ms
14-Apr-2018 00:02:30.140 WARNING [main] org.apache.catalina.core.StandardServer.await StandardServer.await: Invalid command '' received
14-Apr-2018 00:02:33.622 INFO [ContainerBackgroundProcessor[StandardEngine[Catalina]]] org.apache.catalina.startup.HostConfig.undeploy Undeploying context [/sutdbank]
14-Apr-2018 00:02:33.630 WARNING [ContainerBackgroundProcessor[StandardEngine[Catalina]]] org.apache.catalina.loader.WebappClassLoaderBase.clearReferencesJdbc The web application [sutdbank] registered the JDBC driver [com.mysql.jdbc.Driver] but failed to unregister it when the web application was stopped. To prevent a memory leak, the JDBC Driver has been forcibly unregistered.
14-Apr-2018 00:02:33.631 WARNING [ContainerBackgroundProcessor[StandardEngine[Catalina]]] org.apache.catalina.loader.WebappClassLoaderBase.clearReferencesThreads The web application [sutdbank] appears to have started a thread named [Abandoned connection cleanup thread] but has failed to stop it. This is very likely to create a memory leak. Stack trace of thread:
 java.lang.Object.wait(Native Method)
 java.lang.ref.ReferenceQueue.remove(ReferenceQueue.java:143)
 com.mysql.jdbc.AbandonedConnectionCleanupThread.run(AbandonedConnectionCleanupThread.java:43)
14-Apr-2018 00:02:33.665 INFO [ContainerBackgroundProcessor[StandardEngine[Catalina]]] org.apache.catalina.startup.HostConfig.deployWAR Deploying web application archive [/Users/darrenng/Desktop/project/bankwebapp/apache-tomcat-9.0.7/webapps/sutdbank.war]
14-Apr-2018 00:02:34.035 INFO [ContainerBackgroundProcessor[StandardEngine[Catalina]]] org.apache.catalina.startup.HostConfig.deployWAR Deployment of web application archive [/Users/darrenng/Desktop/project/bankwebapp/apache-tomcat-9.0.7/webapps/sutdbank.war] has finished in [370] ms
14-Apr-2018 00:03:12.066 WARNING [main] org.apache.catalina.core.StandardServer.await StandardServer.await: Invalid command '' received
14-Apr-2018 00:03:14.383 INFO [ContainerBackgroundProcessor[StandardEngine[Catalina]]] org.apache.catalina.startup.HostConfig.undeploy Undeploying context [/sutdbank]
14-Apr-2018 00:03:14.385 WARNING [ContainerBackgroundProcessor[StandardEngine[Catalina]]] org.apache.catalina.loader.WebappClassLoaderBase.clearReferencesJdbc The web application [sutdbank] registered the JDBC driver [com.mysql.jdbc.Driver] but failed to unregister it when the web application was stopped. To prevent a memory leak, the JDBC Driver has been forcibly unregistered.
14-Apr-2018 00:03:14.385 WARNING [ContainerBackgroundProcessor[StandardEngine[Catalina]]] org.apache.catalina.loader.WebappClassLoaderBase.clearReferencesThreads The web application [sutdbank] appears to have started a thread named [Abandoned connection cleanup thread] but has failed to stop it. This is very likely to create a memory leak. Stack trace of thread:
 java.lang.Object.wait(Native Method)
 java.lang.ref.ReferenceQueue.remove(ReferenceQueue.java:143)
 com.mysql.jdbc.AbandonedConnectionCleanupThread.run(AbandonedConnectionCleanupThread.java:43)
14-Apr-2018 00:03:14.418 INFO [ContainerBackgroundProcessor[StandardEngine[Catalina]]] org.apache.catalina.startup.HostConfig.deployWAR Deploying web application archive [/Users/darrenng/Desktop/project/bankwebapp/apache-tomcat-9.0.7/webapps/sutdbank.war]
14-Apr-2018 00:03:14.923 INFO [ContainerBackgroundProcessor[StandardEngine[Catalina]]] org.apache.catalina.startup.HostConfig.deployWAR Deployment of web application archive [/Users/darrenng/Desktop/project/bankwebapp/apache-tomcat-9.0.7/webapps/sutdbank.war] has finished in [505] ms
14-Apr-2018 00:08:58.012 INFO [ContainerBackgroundProcessor[StandardEngine[Catalina]]] org.apache.catalina.startup.HostConfig.undeploy Undeploying context [/sutdbank]
14-Apr-2018 00:08:58.016 WARNING [ContainerBackgroundProcessor[StandardEngine[Catalina]]] org.apache.catalina.loader.WebappClassLoaderBase.clearReferencesJdbc The web application [sutdbank] registered the JDBC driver [com.mysql.jdbc.Driver] but failed to unregister it when the web application was stopped. To prevent a memory leak, the JDBC Driver has been forcibly unregistered.
14-Apr-2018 00:08:58.017 WARNING [ContainerBackgroundProcessor[StandardEngine[Catalina]]] org.apache.catalina.loader.WebappClassLoaderBase.clearReferencesThreads The web application [sutdbank] appears to have started a thread named [Abandoned connection cleanup thread] but has failed to stop it. This is very likely to create a memory leak. Stack trace of thread:
 java.lang.Object.wait(Native Method)
 java.lang.ref.ReferenceQueue.remove(ReferenceQueue.java:143)
 com.mysql.jdbc.AbandonedConnectionCleanupThread.run(AbandonedConnectionCleanupThread.java:43)
14-Apr-2018 00:08:58.043 INFO [ContainerBackgroundProcessor[StandardEngine[Catalina]]] org.apache.catalina.startup.HostConfig.deployWAR Deploying web application archive [/Users/darrenng/Desktop/project/bankwebapp/apache-tomcat-9.0.7/webapps/sutdbank.war]
14-Apr-2018 00:08:58.114 WARNING [main] org.apache.catalina.core.StandardServer.await StandardServer.await: Invalid command '' received
14-Apr-2018 00:08:58.781 INFO [ContainerBackgroundProcessor[StandardEngine[Catalina]]] org.apache.catalina.startup.HostConfig.deployWAR Deployment of web application archive [/Users/darrenng/Desktop/project/bankwebapp/apache-tomcat-9.0.7/webapps/sutdbank.war] has finished in [738] ms
14-Apr-2018 00:12:22.685 WARNING [main] org.apache.catalina.core.StandardServer.await StandardServer.await: Invalid command '' received
14-Apr-2018 00:12:30.543 INFO [ContainerBackgroundProcessor[StandardEngine[Catalina]]] org.apache.catalina.startup.HostConfig.undeploy Undeploying context [/sutdbank]
14-Apr-2018 00:12:30.550 WARNING [ContainerBackgroundProcessor[StandardEngine[Catalina]]] org.apache.catalina.loader.WebappClassLoaderBase.clearReferencesJdbc The web application [sutdbank] registered the JDBC driver [com.mysql.jdbc.Driver] but failed to unregister it when the web application was stopped. To prevent a memory leak, the JDBC Driver has been forcibly unregistered.
14-Apr-2018 00:12:30.551 WARNING [ContainerBackgroundProcessor[StandardEngine[Catalina]]] org.apache.catalina.loader.WebappClassLoaderBase.clearReferencesThreads The web application [sutdbank] appears to have started a thread named [Abandoned connection cleanup thread] but has failed to stop it. This is very likely to create a memory leak. Stack trace of thread:
 java.lang.Object.wait(Native Method)
 java.lang.ref.ReferenceQueue.remove(ReferenceQueue.java:143)
 com.mysql.jdbc.AbandonedConnectionCleanupThread.run(AbandonedConnectionCleanupThread.java:43)
14-Apr-2018 00:12:30.586 INFO [ContainerBackgroundProcessor[StandardEngine[Catalina]]] org.apache.catalina.startup.HostConfig.deployWAR Deploying web application archive [/Users/darrenng/Desktop/project/bankwebapp/apache-tomcat-9.0.7/webapps/sutdbank.war]
14-Apr-2018 00:12:31.079 INFO [ContainerBackgroundProcessor[StandardEngine[Catalina]]] org.apache.catalina.startup.HostConfig.deployWAR Deployment of web application archive [/Users/darrenng/Desktop/project/bankwebapp/apache-tomcat-9.0.7/webapps/sutdbank.war] has finished in [492] ms
14-Apr-2018 00:13:33.410 WARNING [main] org.apache.catalina.core.StandardServer.await StandardServer.await: Invalid command '' received
14-Apr-2018 00:13:41.690 INFO [ContainerBackgroundProcessor[StandardEngine[Catalina]]] org.apache.catalina.startup.HostConfig.undeploy Undeploying context [/sutdbank]
14-Apr-2018 00:13:41.693 WARNING [ContainerBackgroundProcessor[StandardEngine[Catalina]]] org.apache.catalina.loader.WebappClassLoaderBase.clearReferencesJdbc The web application [sutdbank] registered the JDBC driver [com.mysql.jdbc.Driver] but failed to unregister it when the web application was stopped. To prevent a memory leak, the JDBC Driver has been forcibly unregistered.
14-Apr-2018 00:13:41.694 WARNING [ContainerBackgroundProcessor[StandardEngine[Catalina]]] org.apache.catalina.loader.WebappClassLoaderBase.clearReferencesThreads The web application [sutdbank] appears to have started a thread named [Abandoned connection cleanup thread] but has failed to stop it. This is very likely to create a memory leak. Stack trace of thread:
 java.lang.Object.wait(Native Method)
 java.lang.ref.ReferenceQueue.remove(ReferenceQueue.java:143)
 com.mysql.jdbc.AbandonedConnectionCleanupThread.run(AbandonedConnectionCleanupThread.java:43)
14-Apr-2018 00:13:41.723 INFO [ContainerBackgroundProcessor[StandardEngine[Catalina]]] org.apache.catalina.startup.HostConfig.deployWAR Deploying web application archive [/Users/darrenng/Desktop/project/bankwebapp/apache-tomcat-9.0.7/webapps/sutdbank.war]
14-Apr-2018 00:13:42.147 INFO [ContainerBackgroundProcessor[StandardEngine[Catalina]]] org.apache.catalina.startup.HostConfig.deployWAR Deployment of web application archive [/Users/darrenng/Desktop/project/bankwebapp/apache-tomcat-9.0.7/webapps/sutdbank.war] has finished in [424] ms
14-Apr-2018 00:21:43.338 WARNING [main] org.apache.catalina.core.StandardServer.await StandardServer.await: Invalid command '' received
14-Apr-2018 00:21:46.503 INFO [ContainerBackgroundProcessor[StandardEngine[Catalina]]] org.apache.catalina.startup.HostConfig.undeploy Undeploying context [/sutdbank]
14-Apr-2018 00:21:46.507 WARNING [ContainerBackgroundProcessor[StandardEngine[Catalina]]] org.apache.catalina.loader.WebappClassLoaderBase.clearReferencesJdbc The web application [sutdbank] registered the JDBC driver [com.mysql.jdbc.Driver] but failed to unregister it when the web application was stopped. To prevent a memory leak, the JDBC Driver has been forcibly unregistered.
14-Apr-2018 00:21:46.508 WARNING [ContainerBackgroundProcessor[StandardEngine[Catalina]]] org.apache.catalina.loader.WebappClassLoaderBase.clearReferencesThreads The web application [sutdbank] appears to have started a thread named [Abandoned connection cleanup thread] but has failed to stop it. This is very likely to create a memory leak. Stack trace of thread:
 java.lang.Object.wait(Native Method)
 java.lang.ref.ReferenceQueue.remove(ReferenceQueue.java:143)
 com.mysql.jdbc.AbandonedConnectionCleanupThread.run(AbandonedConnectionCleanupThread.java:43)
14-Apr-2018 00:21:46.561 INFO [ContainerBackgroundProcessor[StandardEngine[Catalina]]] org.apache.catalina.startup.HostConfig.deployWAR Deploying web application archive [/Users/darrenng/Desktop/project/bankwebapp/apache-tomcat-9.0.7/webapps/sutdbank.war]
14-Apr-2018 00:21:46.995 INFO [ContainerBackgroundProcessor[StandardEngine[Catalina]]] org.apache.catalina.startup.HostConfig.deployWAR Deployment of web application archive [/Users/darrenng/Desktop/project/bankwebapp/apache-tomcat-9.0.7/webapps/sutdbank.war] has finished in [434] ms
14-Apr-2018 00:27:15.888 WARNING [main] org.apache.catalina.core.StandardServer.await StandardServer.await: Invalid command '' received
14-Apr-2018 00:27:20.095 INFO [ContainerBackgroundProcessor[StandardEngine[Catalina]]] org.apache.catalina.startup.HostConfig.undeploy Undeploying context [/sutdbank]
14-Apr-2018 00:27:20.104 WARNING [ContainerBackgroundProcessor[StandardEngine[Catalina]]] org.apache.catalina.loader.WebappClassLoaderBase.clearReferencesJdbc The web application [sutdbank] registered the JDBC driver [com.mysql.jdbc.Driver] but failed to unregister it when the web application was stopped. To prevent a memory leak, the JDBC Driver has been forcibly unregistered.
14-Apr-2018 00:27:20.106 WARNING [ContainerBackgroundProcessor[StandardEngine[Catalina]]] org.apache.catalina.loader.WebappClassLoaderBase.clearReferencesThreads The web application [sutdbank] appears to have started a thread named [Abandoned connection cleanup thread] but has failed to stop it. This is very likely to create a memory leak. Stack trace of thread:
 java.lang.Object.wait(Native Method)
 java.lang.ref.ReferenceQueue.remove(ReferenceQueue.java:143)
 com.mysql.jdbc.AbandonedConnectionCleanupThread.run(AbandonedConnectionCleanupThread.java:43)
14-Apr-2018 00:27:20.137 INFO [ContainerBackgroundProcessor[StandardEngine[Catalina]]] org.apache.catalina.startup.HostConfig.deployWAR Deploying web application archive [/Users/darrenng/Desktop/project/bankwebapp/apache-tomcat-9.0.7/webapps/sutdbank.war]
14-Apr-2018 00:27:20.581 INFO [ContainerBackgroundProcessor[StandardEngine[Catalina]]] org.apache.catalina.startup.HostConfig.deployWAR Deployment of web application archive [/Users/darrenng/Desktop/project/bankwebapp/apache-tomcat-9.0.7/webapps/sutdbank.war] has finished in [444] ms
14-Apr-2018 00:30:32.387 WARNING [main] org.apache.catalina.core.StandardServer.await StandardServer.await: Invalid command '' received
14-Apr-2018 00:30:42.565 INFO [ContainerBackgroundProcessor[StandardEngine[Catalina]]] org.apache.catalina.startup.HostConfig.undeploy Undeploying context [/sutdbank]
14-Apr-2018 00:30:42.570 WARNING [ContainerBackgroundProcessor[StandardEngine[Catalina]]] org.apache.catalina.loader.WebappClassLoaderBase.clearReferencesJdbc The web application [sutdbank] registered the JDBC driver [com.mysql.jdbc.Driver] but failed to unregister it when the web application was stopped. To prevent a memory leak, the JDBC Driver has been forcibly unregistered.
14-Apr-2018 00:30:42.571 WARNING [ContainerBackgroundProcessor[StandardEngine[Catalina]]] org.apache.catalina.loader.WebappClassLoaderBase.clearReferencesThreads The web application [sutdbank] appears to have started a thread named [Abandoned connection cleanup thread] but has failed to stop it. This is very likely to create a memory leak. Stack trace of thread:
 java.lang.Object.wait(Native Method)
 java.lang.ref.ReferenceQueue.remove(ReferenceQueue.java:143)
 com.mysql.jdbc.AbandonedConnectionCleanupThread.run(AbandonedConnectionCleanupThread.java:43)
14-Apr-2018 00:30:42.605 INFO [ContainerBackgroundProcessor[StandardEngine[Catalina]]] org.apache.catalina.startup.HostConfig.deployWAR Deploying web application archive [/Users/darrenng/Desktop/project/bankwebapp/apache-tomcat-9.0.7/webapps/sutdbank.war]
14-Apr-2018 00:30:42.996 INFO [ContainerBackgroundProcessor[StandardEngine[Catalina]]] org.apache.catalina.startup.HostConfig.deployWAR Deployment of web application archive [/Users/darrenng/Desktop/project/bankwebapp/apache-tomcat-9.0.7/webapps/sutdbank.war] has finished in [391] ms
