11-Apr-2018 22:30:34.865 INFO [main] org.apache.catalina.startup.VersionLoggerListener.log Server version:        Apache Tomcat/9.0.7
11-Apr-2018 22:30:34.867 INFO [main] org.apache.catalina.startup.VersionLoggerListener.log Server built:          Apr 3 2018 19:53:05 UTC
11-Apr-2018 22:30:34.867 INFO [main] org.apache.catalina.startup.VersionLoggerListener.log Server number:         9.0.7.0
11-Apr-2018 22:30:34.867 INFO [main] org.apache.catalina.startup.VersionLoggerListener.log OS Name:               Mac OS X
11-Apr-2018 22:30:34.868 INFO [main] org.apache.catalina.startup.VersionLoggerListener.log OS Version:            10.13.3
11-Apr-2018 22:30:34.868 INFO [main] org.apache.catalina.startup.VersionLoggerListener.log Architecture:          x86_64
11-Apr-2018 22:30:34.868 INFO [main] org.apache.catalina.startup.VersionLoggerListener.log Java Home:             /Library/Java/JavaVirtualMachines/jdk1.8.0_161.jdk/Contents/Home/jre
11-Apr-2018 22:30:34.868 INFO [main] org.apache.catalina.startup.VersionLoggerListener.log JVM Version:           1.8.0_161-b12
11-Apr-2018 22:30:34.869 INFO [main] org.apache.catalina.startup.VersionLoggerListener.log JVM Vendor:            Oracle Corporation
11-Apr-2018 22:30:34.869 INFO [main] org.apache.catalina.startup.VersionLoggerListener.log CATALINA_BASE:         /Users/darrenng/Desktop/sse/bankwebapp/apache-tomcat-9.0.7
11-Apr-2018 22:30:34.869 INFO [main] org.apache.catalina.startup.VersionLoggerListener.log CATALINA_HOME:         /Users/darrenng/Desktop/sse/bankwebapp/apache-tomcat-9.0.7
11-Apr-2018 22:30:34.870 INFO [main] org.apache.catalina.startup.VersionLoggerListener.log Command line argument: -Djava.util.logging.config.file=/Users/darrenng/desktop/sse/bankwebapp/apache-tomcat-9.0.7/conf/logging.properties
11-Apr-2018 22:30:34.870 INFO [main] org.apache.catalina.startup.VersionLoggerListener.log Command line argument: -Djava.util.logging.manager=org.apache.juli.ClassLoaderLogManager
11-Apr-2018 22:30:34.870 INFO [main] org.apache.catalina.startup.VersionLoggerListener.log Command line argument: -Djdk.tls.ephemeralDHKeySize=2048
11-Apr-2018 22:30:34.870 INFO [main] org.apache.catalina.startup.VersionLoggerListener.log Command line argument: -Djava.protocol.handler.pkgs=org.apache.catalina.webresources
11-Apr-2018 22:30:34.870 INFO [main] org.apache.catalina.startup.VersionLoggerListener.log Command line argument: -Dorg.apache.catalina.security.SecurityListener.UMASK=0027
11-Apr-2018 22:30:34.870 INFO [main] org.apache.catalina.startup.VersionLoggerListener.log Command line argument: -Dignore.endorsed.dirs=
11-Apr-2018 22:30:34.871 INFO [main] org.apache.catalina.startup.VersionLoggerListener.log Command line argument: -Dcatalina.base=/Users/darrenng/desktop/sse/bankwebapp/apache-tomcat-9.0.7
11-Apr-2018 22:30:34.871 INFO [main] org.apache.catalina.startup.VersionLoggerListener.log Command line argument: -Dcatalina.home=/Users/darrenng/desktop/sse/bankwebapp/apache-tomcat-9.0.7
11-Apr-2018 22:30:34.871 INFO [main] org.apache.catalina.startup.VersionLoggerListener.log Command line argument: -Djava.io.tmpdir=/Users/darrenng/desktop/sse/bankwebapp/apache-tomcat-9.0.7/temp
11-Apr-2018 22:30:34.871 INFO [main] org.apache.catalina.core.AprLifecycleListener.lifecycleEvent The APR based Apache Tomcat Native library which allows optimal performance in production environments was not found on the java.library.path: [/Users/darrenng/Library/Java/Extensions:/Library/Java/Extensions:/Network/Library/Java/Extensions:/System/Library/Java/Extensions:/usr/lib/java:.]
11-Apr-2018 22:30:34.969 INFO [main] org.apache.coyote.AbstractProtocol.init Initializing ProtocolHandler ["http-nio-8080"]
11-Apr-2018 22:30:34.984 SEVERE [main] org.apache.catalina.util.LifecycleBase.handleSubClassException Failed to initialize component [Connector[HTTP/1.1-8080]]
 org.apache.catalina.LifecycleException: Protocol handler initialization failed
	at org.apache.catalina.connector.Connector.initInternal(Connector.java:935)
	at org.apache.catalina.util.LifecycleBase.init(LifecycleBase.java:136)
	at org.apache.catalina.core.StandardService.initInternal(StandardService.java:530)
	at org.apache.catalina.util.LifecycleBase.init(LifecycleBase.java:136)
	at org.apache.catalina.core.StandardServer.initInternal(StandardServer.java:852)
	at org.apache.catalina.util.LifecycleBase.init(LifecycleBase.java:136)
	at org.apache.catalina.startup.Catalina.load(Catalina.java:633)
	at org.apache.catalina.startup.Catalina.load(Catalina.java:656)
	at sun.reflect.NativeMethodAccessorImpl.invoke0(Native Method)
	at sun.reflect.NativeMethodAccessorImpl.invoke(NativeMethodAccessorImpl.java:62)
	at sun.reflect.DelegatingMethodAccessorImpl.invoke(DelegatingMethodAccessorImpl.java:43)
	at java.lang.reflect.Method.invoke(Method.java:498)
	at org.apache.catalina.startup.Bootstrap.load(Bootstrap.java:306)
	at org.apache.catalina.startup.Bootstrap.main(Bootstrap.java:491)
Caused by: java.net.BindException: Address already in use
	at sun.nio.ch.Net.bind0(Native Method)
	at sun.nio.ch.Net.bind(Net.java:433)
	at sun.nio.ch.Net.bind(Net.java:425)
	at sun.nio.ch.ServerSocketChannelImpl.bind(ServerSocketChannelImpl.java:223)
	at sun.nio.ch.ServerSocketAdaptor.bind(ServerSocketAdaptor.java:74)
	at org.apache.tomcat.util.net.NioEndpoint.initServerSocket(NioEndpoint.java:227)
	at org.apache.tomcat.util.net.NioEndpoint.bind(NioEndpoint.java:202)
	at org.apache.tomcat.util.net.AbstractEndpoint.init(AbstractEndpoint.java:1043)
	at org.apache.coyote.AbstractProtocol.init(AbstractProtocol.java:540)
	at org.apache.coyote.http11.AbstractHttp11Protocol.init(AbstractHttp11Protocol.java:74)
	at org.apache.catalina.connector.Connector.initInternal(Connector.java:932)
	... 13 more

11-Apr-2018 22:30:34.986 INFO [main] org.apache.coyote.AbstractProtocol.init Initializing ProtocolHandler ["ajp-nio-8009"]
11-Apr-2018 22:30:34.987 SEVERE [main] org.apache.catalina.util.LifecycleBase.handleSubClassException Failed to initialize component [Connector[AJP/1.3-8009]]
 org.apache.catalina.LifecycleException: Protocol handler initialization failed
	at org.apache.catalina.connector.Connector.initInternal(Connector.java:935)
	at org.apache.catalina.util.LifecycleBase.init(LifecycleBase.java:136)
	at org.apache.catalina.core.StandardService.initInternal(StandardService.java:530)
	at org.apache.catalina.util.LifecycleBase.init(LifecycleBase.java:136)
	at org.apache.catalina.core.StandardServer.initInternal(StandardServer.java:852)
	at org.apache.catalina.util.LifecycleBase.init(LifecycleBase.java:136)
	at org.apache.catalina.startup.Catalina.load(Catalina.java:633)
	at org.apache.catalina.startup.Catalina.load(Catalina.java:656)
	at sun.reflect.NativeMethodAccessorImpl.invoke0(Native Method)
	at sun.reflect.NativeMethodAccessorImpl.invoke(NativeMethodAccessorImpl.java:62)
	at sun.reflect.DelegatingMethodAccessorImpl.invoke(DelegatingMethodAccessorImpl.java:43)
	at java.lang.reflect.Method.invoke(Method.java:498)
	at org.apache.catalina.startup.Bootstrap.load(Bootstrap.java:306)
	at org.apache.catalina.startup.Bootstrap.main(Bootstrap.java:491)
Caused by: java.net.BindException: Address already in use
	at sun.nio.ch.Net.bind0(Native Method)
	at sun.nio.ch.Net.bind(Net.java:433)
	at sun.nio.ch.Net.bind(Net.java:425)
	at sun.nio.ch.ServerSocketChannelImpl.bind(ServerSocketChannelImpl.java:223)
	at sun.nio.ch.ServerSocketAdaptor.bind(ServerSocketAdaptor.java:74)
	at org.apache.tomcat.util.net.NioEndpoint.initServerSocket(NioEndpoint.java:227)
	at org.apache.tomcat.util.net.NioEndpoint.bind(NioEndpoint.java:202)
	at org.apache.tomcat.util.net.AbstractEndpoint.init(AbstractEndpoint.java:1043)
	at org.apache.coyote.AbstractProtocol.init(AbstractProtocol.java:540)
	at org.apache.catalina.connector.Connector.initInternal(Connector.java:932)
	... 13 more

11-Apr-2018 22:30:34.988 INFO [main] org.apache.catalina.startup.Catalina.load Initialization processed in 417 ms
11-Apr-2018 22:30:35.008 INFO [main] org.apache.catalina.core.StandardService.startInternal Starting service [Catalina]
11-Apr-2018 22:30:35.008 INFO [main] org.apache.catalina.core.StandardEngine.startInternal Starting Servlet Engine: Apache Tomcat/9.0.7
11-Apr-2018 22:30:35.240 INFO [main] org.apache.catalina.startup.HostConfig.deployWAR Deploying web application archive [/Users/darrenng/Desktop/sse/bankwebapp/apache-tomcat-9.0.7/webapps/sutdbank.war]
11-Apr-2018 22:30:35.844 INFO [main] org.apache.jasper.servlet.TldScanner.scanJars At least one JAR was scanned for TLDs yet contained no TLDs. Enable debug logging for this logger for a complete list of JARs that were scanned but no TLDs were found in them. Skipping unneeded JARs during scanning can improve startup time and JSP compilation time.
11-Apr-2018 22:30:36.523 INFO [main] org.apache.catalina.startup.HostConfig.deployWAR Deployment of web application archive [/Users/darrenng/Desktop/sse/bankwebapp/apache-tomcat-9.0.7/webapps/sutdbank.war] has finished in [1,283] ms
11-Apr-2018 22:30:36.524 INFO [main] org.apache.catalina.startup.HostConfig.deployDirectory Deploying web application directory [/Users/darrenng/Desktop/sse/bankwebapp/apache-tomcat-9.0.7/webapps/docs]
11-Apr-2018 22:30:36.617 INFO [main] org.apache.jasper.servlet.TldScanner.scanJars At least one JAR was scanned for TLDs yet contained no TLDs. Enable debug logging for this logger for a complete list of JARs that were scanned but no TLDs were found in them. Skipping unneeded JARs during scanning can improve startup time and JSP compilation time.
11-Apr-2018 22:30:36.619 INFO [main] org.apache.catalina.startup.HostConfig.deployDirectory Deployment of web application directory [/Users/darrenng/Desktop/sse/bankwebapp/apache-tomcat-9.0.7/webapps/docs] has finished in [95] ms
11-Apr-2018 22:30:36.619 INFO [main] org.apache.catalina.startup.HostConfig.deployDirectory Deploying web application directory [/Users/darrenng/Desktop/sse/bankwebapp/apache-tomcat-9.0.7/webapps/manager]
11-Apr-2018 22:30:36.699 INFO [main] org.apache.jasper.servlet.TldScanner.scanJars At least one JAR was scanned for TLDs yet contained no TLDs. Enable debug logging for this logger for a complete list of JARs that were scanned but no TLDs were found in them. Skipping unneeded JARs during scanning can improve startup time and JSP compilation time.
11-Apr-2018 22:30:36.703 INFO [main] org.apache.catalina.startup.HostConfig.deployDirectory Deployment of web application directory [/Users/darrenng/Desktop/sse/bankwebapp/apache-tomcat-9.0.7/webapps/manager] has finished in [84] ms
11-Apr-2018 22:30:36.704 INFO [main] org.apache.catalina.startup.HostConfig.deployDirectory Deploying web application directory [/Users/darrenng/Desktop/sse/bankwebapp/apache-tomcat-9.0.7/webapps/examples]
11-Apr-2018 22:30:36.900 INFO [main] org.apache.jasper.servlet.TldScanner.scanJars At least one JAR was scanned for TLDs yet contained no TLDs. Enable debug logging for this logger for a complete list of JARs that were scanned but no TLDs were found in them. Skipping unneeded JARs during scanning can improve startup time and JSP compilation time.
11-Apr-2018 22:30:36.913 INFO [main] org.apache.catalina.startup.HostConfig.deployDirectory Deployment of web application directory [/Users/darrenng/Desktop/sse/bankwebapp/apache-tomcat-9.0.7/webapps/examples] has finished in [208] ms
11-Apr-2018 22:30:36.913 INFO [main] org.apache.catalina.startup.HostConfig.deployDirectory Deploying web application directory [/Users/darrenng/Desktop/sse/bankwebapp/apache-tomcat-9.0.7/webapps/ROOT]
11-Apr-2018 22:30:37.156 INFO [main] org.apache.jasper.servlet.TldScanner.scanJars At least one JAR was scanned for TLDs yet contained no TLDs. Enable debug logging for this logger for a complete list of JARs that were scanned but no TLDs were found in them. Skipping unneeded JARs during scanning can improve startup time and JSP compilation time.
11-Apr-2018 22:30:37.298 INFO [main] org.apache.catalina.startup.HostConfig.deployDirectory Deployment of web application directory [/Users/darrenng/Desktop/sse/bankwebapp/apache-tomcat-9.0.7/webapps/ROOT] has finished in [384] ms
11-Apr-2018 22:30:37.298 INFO [main] org.apache.catalina.startup.HostConfig.deployDirectory Deploying web application directory [/Users/darrenng/Desktop/sse/bankwebapp/apache-tomcat-9.0.7/webapps/host-manager]
11-Apr-2018 22:30:37.392 INFO [main] org.apache.jasper.servlet.TldScanner.scanJars At least one JAR was scanned for TLDs yet contained no TLDs. Enable debug logging for this logger for a complete list of JARs that were scanned but no TLDs were found in them. Skipping unneeded JARs during scanning can improve startup time and JSP compilation time.
11-Apr-2018 22:30:37.394 INFO [main] org.apache.catalina.startup.HostConfig.deployDirectory Deployment of web application directory [/Users/darrenng/Desktop/sse/bankwebapp/apache-tomcat-9.0.7/webapps/host-manager] has finished in [96] ms
11-Apr-2018 22:30:37.398 INFO [main] org.apache.catalina.startup.Catalina.start Server startup in 2409 ms
11-Apr-2018 22:30:37.400 SEVERE [main] org.apache.catalina.core.StandardServer.await StandardServer.await: create[localhost:8005]: 
 java.net.BindException: Address already in use (Bind failed)
	at java.net.PlainSocketImpl.socketBind(Native Method)
	at java.net.AbstractPlainSocketImpl.bind(AbstractPlainSocketImpl.java:387)
	at java.net.ServerSocket.bind(ServerSocket.java:375)
	at java.net.ServerSocket.<init>(ServerSocket.java:237)
	at org.apache.catalina.core.StandardServer.await(StandardServer.java:422)
	at org.apache.catalina.startup.Catalina.await(Catalina.java:770)
	at org.apache.catalina.startup.Catalina.start(Catalina.java:716)
	at sun.reflect.NativeMethodAccessorImpl.invoke0(Native Method)
	at sun.reflect.NativeMethodAccessorImpl.invoke(NativeMethodAccessorImpl.java:62)
	at sun.reflect.DelegatingMethodAccessorImpl.invoke(DelegatingMethodAccessorImpl.java:43)
	at java.lang.reflect.Method.invoke(Method.java:498)
	at org.apache.catalina.startup.Bootstrap.start(Bootstrap.java:350)
	at org.apache.catalina.startup.Bootstrap.main(Bootstrap.java:492)

11-Apr-2018 22:30:37.403 INFO [main] org.apache.coyote.AbstractProtocol.pause Pausing ProtocolHandler ["http-nio-8080"]
11-Apr-2018 22:30:37.403 INFO [main] org.apache.coyote.AbstractProtocol.pause Pausing ProtocolHandler ["ajp-nio-8009"]
11-Apr-2018 22:30:37.404 INFO [main] org.apache.catalina.core.StandardService.stopInternal Stopping service [Catalina]
11-Apr-2018 22:30:37.422 WARNING [main] org.apache.catalina.loader.WebappClassLoaderBase.clearReferencesThreads The web application [ROOT] appears to have started a thread named [Abandoned connection cleanup thread] but has failed to stop it. This is very likely to create a memory leak. Stack trace of thread:
 java.lang.Object.wait(Native Method)
 java.lang.ref.ReferenceQueue.remove(ReferenceQueue.java:143)
 com.mysql.jdbc.AbandonedConnectionCleanupThread.run(AbandonedConnectionCleanupThread.java:43)
11-Apr-2018 22:30:37.450 WARNING [main] org.apache.catalina.loader.WebappClassLoaderBase.clearReferencesThreads The web application [sutdbank] appears to have started a thread named [Abandoned connection cleanup thread] but has failed to stop it. This is very likely to create a memory leak. Stack trace of thread:
 java.lang.Object.wait(Native Method)
 java.lang.ref.ReferenceQueue.remove(ReferenceQueue.java:143)
 com.mysql.jdbc.AbandonedConnectionCleanupThread.run(AbandonedConnectionCleanupThread.java:43)
11-Apr-2018 22:30:37.457 INFO [main] org.apache.coyote.AbstractProtocol.stop Stopping ProtocolHandler ["http-nio-8080"]
11-Apr-2018 22:30:37.457 INFO [main] org.apache.coyote.AbstractProtocol.destroy Destroying ProtocolHandler ["http-nio-8080"]
11-Apr-2018 22:30:37.458 INFO [main] org.apache.coyote.AbstractProtocol.stop Stopping ProtocolHandler ["ajp-nio-8009"]
11-Apr-2018 22:30:37.458 INFO [main] org.apache.coyote.AbstractProtocol.destroy Destroying ProtocolHandler ["ajp-nio-8009"]
11-Apr-2018 22:31:00.686 INFO [main] org.apache.catalina.startup.VersionLoggerListener.log Server version:        Apache Tomcat/9.0.7
11-Apr-2018 22:31:00.688 INFO [main] org.apache.catalina.startup.VersionLoggerListener.log Server built:          Apr 3 2018 19:53:05 UTC
11-Apr-2018 22:31:00.688 INFO [main] org.apache.catalina.startup.VersionLoggerListener.log Server number:         9.0.7.0
11-Apr-2018 22:31:00.688 INFO [main] org.apache.catalina.startup.VersionLoggerListener.log OS Name:               Mac OS X
11-Apr-2018 22:31:00.688 INFO [main] org.apache.catalina.startup.VersionLoggerListener.log OS Version:            10.13.3
11-Apr-2018 22:31:00.688 INFO [main] org.apache.catalina.startup.VersionLoggerListener.log Architecture:          x86_64
11-Apr-2018 22:31:00.688 INFO [main] org.apache.catalina.startup.VersionLoggerListener.log Java Home:             /Library/Java/JavaVirtualMachines/jdk1.8.0_161.jdk/Contents/Home/jre
11-Apr-2018 22:31:00.689 INFO [main] org.apache.catalina.startup.VersionLoggerListener.log JVM Version:           1.8.0_161-b12
11-Apr-2018 22:31:00.689 INFO [main] org.apache.catalina.startup.VersionLoggerListener.log JVM Vendor:            Oracle Corporation
11-Apr-2018 22:31:00.689 INFO [main] org.apache.catalina.startup.VersionLoggerListener.log CATALINA_BASE:         /Users/darrenng/Desktop/sse/bankwebapp/apache-tomcat-9.0.7
11-Apr-2018 22:31:00.689 INFO [main] org.apache.catalina.startup.VersionLoggerListener.log CATALINA_HOME:         /Users/darrenng/Desktop/sse/bankwebapp/apache-tomcat-9.0.7
11-Apr-2018 22:31:00.691 INFO [main] org.apache.catalina.startup.VersionLoggerListener.log Command line argument: -Djava.util.logging.config.file=/Users/darrenng/desktop/sse/bankwebapp/apache-tomcat-9.0.7/conf/logging.properties
11-Apr-2018 22:31:00.691 INFO [main] org.apache.catalina.startup.VersionLoggerListener.log Command line argument: -Djava.util.logging.manager=org.apache.juli.ClassLoaderLogManager
11-Apr-2018 22:31:00.691 INFO [main] org.apache.catalina.startup.VersionLoggerListener.log Command line argument: -Djdk.tls.ephemeralDHKeySize=2048
11-Apr-2018 22:31:00.692 INFO [main] org.apache.catalina.startup.VersionLoggerListener.log Command line argument: -Djava.protocol.handler.pkgs=org.apache.catalina.webresources
11-Apr-2018 22:31:00.692 INFO [main] org.apache.catalina.startup.VersionLoggerListener.log Command line argument: -Dorg.apache.catalina.security.SecurityListener.UMASK=0027
11-Apr-2018 22:31:00.692 INFO [main] org.apache.catalina.startup.VersionLoggerListener.log Command line argument: -Dignore.endorsed.dirs=
11-Apr-2018 22:31:00.692 INFO [main] org.apache.catalina.startup.VersionLoggerListener.log Command line argument: -Dcatalina.base=/Users/darrenng/desktop/sse/bankwebapp/apache-tomcat-9.0.7
11-Apr-2018 22:31:00.692 INFO [main] org.apache.catalina.startup.VersionLoggerListener.log Command line argument: -Dcatalina.home=/Users/darrenng/desktop/sse/bankwebapp/apache-tomcat-9.0.7
11-Apr-2018 22:31:00.692 INFO [main] org.apache.catalina.startup.VersionLoggerListener.log Command line argument: -Djava.io.tmpdir=/Users/darrenng/desktop/sse/bankwebapp/apache-tomcat-9.0.7/temp
11-Apr-2018 22:31:00.693 INFO [main] org.apache.catalina.core.AprLifecycleListener.lifecycleEvent The APR based Apache Tomcat Native library which allows optimal performance in production environments was not found on the java.library.path: [/Users/darrenng/Library/Java/Extensions:/Library/Java/Extensions:/Network/Library/Java/Extensions:/System/Library/Java/Extensions:/usr/lib/java:.]
11-Apr-2018 22:31:00.809 INFO [main] org.apache.coyote.AbstractProtocol.init Initializing ProtocolHandler ["http-nio-8080"]
11-Apr-2018 22:31:00.826 INFO [main] org.apache.tomcat.util.net.NioSelectorPool.getSharedSelector Using a shared selector for servlet write/read
11-Apr-2018 22:31:00.833 INFO [main] org.apache.coyote.AbstractProtocol.init Initializing ProtocolHandler ["ajp-nio-8009"]
11-Apr-2018 22:31:00.834 INFO [main] org.apache.tomcat.util.net.NioSelectorPool.getSharedSelector Using a shared selector for servlet write/read
11-Apr-2018 22:31:00.834 INFO [main] org.apache.catalina.startup.Catalina.load Initialization processed in 442 ms
11-Apr-2018 22:31:00.857 INFO [main] org.apache.catalina.core.StandardService.startInternal Starting service [Catalina]
11-Apr-2018 22:31:00.857 INFO [main] org.apache.catalina.core.StandardEngine.startInternal Starting Servlet Engine: Apache Tomcat/9.0.7
11-Apr-2018 22:31:01.092 INFO [main] org.apache.catalina.startup.HostConfig.deployWAR Deploying web application archive [/Users/darrenng/Desktop/sse/bankwebapp/apache-tomcat-9.0.7/webapps/sutdbank.war]
11-Apr-2018 22:31:01.606 INFO [main] org.apache.jasper.servlet.TldScanner.scanJars At least one JAR was scanned for TLDs yet contained no TLDs. Enable debug logging for this logger for a complete list of JARs that were scanned but no TLDs were found in them. Skipping unneeded JARs during scanning can improve startup time and JSP compilation time.
11-Apr-2018 22:31:01.649 INFO [main] org.apache.catalina.startup.HostConfig.deployWAR Deployment of web application archive [/Users/darrenng/Desktop/sse/bankwebapp/apache-tomcat-9.0.7/webapps/sutdbank.war] has finished in [556] ms
11-Apr-2018 22:31:01.649 INFO [main] org.apache.catalina.startup.HostConfig.deployDirectory Deploying web application directory [/Users/darrenng/Desktop/sse/bankwebapp/apache-tomcat-9.0.7/webapps/docs]
11-Apr-2018 22:31:01.768 INFO [main] org.apache.jasper.servlet.TldScanner.scanJars At least one JAR was scanned for TLDs yet contained no TLDs. Enable debug logging for this logger for a complete list of JARs that were scanned but no TLDs were found in them. Skipping unneeded JARs during scanning can improve startup time and JSP compilation time.
11-Apr-2018 22:31:01.770 INFO [main] org.apache.catalina.startup.HostConfig.deployDirectory Deployment of web application directory [/Users/darrenng/Desktop/sse/bankwebapp/apache-tomcat-9.0.7/webapps/docs] has finished in [120] ms
11-Apr-2018 22:31:01.770 INFO [main] org.apache.catalina.startup.HostConfig.deployDirectory Deploying web application directory [/Users/darrenng/Desktop/sse/bankwebapp/apache-tomcat-9.0.7/webapps/manager]
11-Apr-2018 22:31:01.863 INFO [main] org.apache.jasper.servlet.TldScanner.scanJars At least one JAR was scanned for TLDs yet contained no TLDs. Enable debug logging for this logger for a complete list of JARs that were scanned but no TLDs were found in them. Skipping unneeded JARs during scanning can improve startup time and JSP compilation time.
11-Apr-2018 22:31:01.866 INFO [main] org.apache.catalina.startup.HostConfig.deployDirectory Deployment of web application directory [/Users/darrenng/Desktop/sse/bankwebapp/apache-tomcat-9.0.7/webapps/manager] has finished in [96] ms
11-Apr-2018 22:31:01.867 INFO [main] org.apache.catalina.startup.HostConfig.deployDirectory Deploying web application directory [/Users/darrenng/Desktop/sse/bankwebapp/apache-tomcat-9.0.7/webapps/examples]
11-Apr-2018 22:31:02.054 INFO [main] org.apache.jasper.servlet.TldScanner.scanJars At least one JAR was scanned for TLDs yet contained no TLDs. Enable debug logging for this logger for a complete list of JARs that were scanned but no TLDs were found in them. Skipping unneeded JARs during scanning can improve startup time and JSP compilation time.
11-Apr-2018 22:31:02.066 INFO [main] org.apache.catalina.startup.HostConfig.deployDirectory Deployment of web application directory [/Users/darrenng/Desktop/sse/bankwebapp/apache-tomcat-9.0.7/webapps/examples] has finished in [200] ms
11-Apr-2018 22:31:02.066 INFO [main] org.apache.catalina.startup.HostConfig.deployDirectory Deploying web application directory [/Users/darrenng/Desktop/sse/bankwebapp/apache-tomcat-9.0.7/webapps/ROOT]
11-Apr-2018 22:31:02.302 INFO [main] org.apache.jasper.servlet.TldScanner.scanJars At least one JAR was scanned for TLDs yet contained no TLDs. Enable debug logging for this logger for a complete list of JARs that were scanned but no TLDs were found in them. Skipping unneeded JARs during scanning can improve startup time and JSP compilation time.
11-Apr-2018 22:31:02.312 INFO [main] org.apache.catalina.startup.HostConfig.deployDirectory Deployment of web application directory [/Users/darrenng/Desktop/sse/bankwebapp/apache-tomcat-9.0.7/webapps/ROOT] has finished in [246] ms
11-Apr-2018 22:31:02.312 INFO [main] org.apache.catalina.startup.HostConfig.deployDirectory Deploying web application directory [/Users/darrenng/Desktop/sse/bankwebapp/apache-tomcat-9.0.7/webapps/host-manager]
11-Apr-2018 22:31:02.419 INFO [main] org.apache.jasper.servlet.TldScanner.scanJars At least one JAR was scanned for TLDs yet contained no TLDs. Enable debug logging for this logger for a complete list of JARs that were scanned but no TLDs were found in them. Skipping unneeded JARs during scanning can improve startup time and JSP compilation time.
11-Apr-2018 22:31:02.421 INFO [main] org.apache.catalina.startup.HostConfig.deployDirectory Deployment of web application directory [/Users/darrenng/Desktop/sse/bankwebapp/apache-tomcat-9.0.7/webapps/host-manager] has finished in [109] ms
11-Apr-2018 22:31:02.454 INFO [main] org.apache.coyote.AbstractProtocol.start Starting ProtocolHandler ["http-nio-8080"]
11-Apr-2018 22:31:02.460 INFO [main] org.apache.coyote.AbstractProtocol.start Starting ProtocolHandler ["ajp-nio-8009"]
11-Apr-2018 22:31:02.462 INFO [main] org.apache.catalina.startup.Catalina.start Server startup in 1627 ms
