14-Apr-2018 23:16:42.495 SEVERE [http-nio-8080-exec-612] org.apache.catalina.core.ApplicationDispatcher.invoke Servlet.service() for servlet [jsp] threw exception
 org.apache.jasper.JasperException: Unable to compile class for JSP: 

An error occurred at line: [80] in the jsp file: [/WEB-INF/jsp/clientDashboard.jsp]
Syntax error on tokens, delete these tokens
77: 			<%
78: 				String file_name=(String)request.getParameter("filename");
79: 				if(file_name!=null){
80: 				<%
81: 					try{
82: 
83: 				%>


An error occurred at line: [314] in the generated java file: [/Users/darrenng/Desktop/project/bankwebapp/apache-tomcat-9.0.7/work/Catalina/localhost/sutdbank/org/apache/jsp/WEB_002dINF/jsp/clientDashboard_jsp.java]
Syntax error, insert "else Statement" to complete IfStatement

An error occurred at line: [314] in the generated java file: [/Users/darrenng/Desktop/project/bankwebapp/apache-tomcat-9.0.7/work/Catalina/localhost/sutdbank/org/apache/jsp/WEB_002dINF/jsp/clientDashboard_jsp.java]
Syntax error, insert "}" to complete Block

Stacktrace:
	at org.apache.jasper.compiler.DefaultErrorHandler.javacError(DefaultErrorHandler.java:103)
	at org.apache.jasper.compiler.ErrorDispatcher.javacError(ErrorDispatcher.java:213)
	at org.apache.jasper.compiler.JDTCompiler.generateClass(JDTCompiler.java:461)
	at org.apache.jasper.compiler.Compiler.compile(Compiler.java:392)
	at org.apache.jasper.compiler.Compiler.compile(Compiler.java:362)
	at org.apache.jasper.compiler.Compiler.compile(Compiler.java:346)
	at org.apache.jasper.JspCompilationContext.compile(JspCompilationContext.java:603)
	at org.apache.jasper.servlet.JspServletWrapper.service(JspServletWrapper.java:369)
	at org.apache.jasper.servlet.JspServlet.serviceJspFile(JspServlet.java:386)
	at org.apache.jasper.servlet.JspServlet.service(JspServlet.java:330)
	at javax.servlet.http.HttpServlet.service(HttpServlet.java:741)
	at org.apache.catalina.core.ApplicationFilterChain.internalDoFilter(ApplicationFilterChain.java:231)
	at org.apache.catalina.core.ApplicationFilterChain.doFilter(ApplicationFilterChain.java:166)
	at org.apache.tomcat.websocket.server.WsFilter.doFilter(WsFilter.java:53)
	at org.apache.catalina.core.ApplicationFilterChain.internalDoFilter(ApplicationFilterChain.java:193)
	at org.apache.catalina.core.ApplicationFilterChain.doFilter(ApplicationFilterChain.java:166)
	at org.apache.catalina.core.ApplicationDispatcher.invoke(ApplicationDispatcher.java:712)
	at org.apache.catalina.core.ApplicationDispatcher.processRequest(ApplicationDispatcher.java:459)
	at org.apache.catalina.core.ApplicationDispatcher.doForward(ApplicationDispatcher.java:384)
	at org.apache.catalina.core.ApplicationDispatcher.forward(ApplicationDispatcher.java:312)
	at sg.edu.sutd.bank.webapp.servlet.DefaultServlet.forward(DefaultServlet.java:77)
	at sg.edu.sutd.bank.webapp.servlet.DefaultServlet.forward(DefaultServlet.java:47)
	at sg.edu.sutd.bank.webapp.servlet.ClientDashboardServlet.doGet(ClientDashboardServlet.java:45)
	at javax.servlet.http.HttpServlet.service(HttpServlet.java:634)
	at javax.servlet.http.HttpServlet.service(HttpServlet.java:741)
	at org.apache.catalina.core.ApplicationFilterChain.internalDoFilter(ApplicationFilterChain.java:231)
	at org.apache.catalina.core.ApplicationFilterChain.doFilter(ApplicationFilterChain.java:166)
	at org.apache.tomcat.websocket.server.WsFilter.doFilter(WsFilter.java:53)
	at org.apache.catalina.core.ApplicationFilterChain.internalDoFilter(ApplicationFilterChain.java:193)
	at org.apache.catalina.core.ApplicationFilterChain.doFilter(ApplicationFilterChain.java:166)
	at org.apache.catalina.core.StandardWrapperValve.invoke(StandardWrapperValve.java:199)
	at org.apache.catalina.core.StandardContextValve.invoke(StandardContextValve.java:96)
	at org.apache.catalina.authenticator.AuthenticatorBase.invoke(AuthenticatorBase.java:494)
	at org.apache.catalina.core.StandardHostValve.invoke(StandardHostValve.java:137)
	at org.apache.catalina.valves.ErrorReportValve.invoke(ErrorReportValve.java:92)
	at org.apache.catalina.valves.AbstractAccessLogValve.invoke(AbstractAccessLogValve.java:651)
	at org.apache.catalina.core.StandardEngineValve.invoke(StandardEngineValve.java:87)
	at org.apache.catalina.connector.CoyoteAdapter.service(CoyoteAdapter.java:343)
	at org.apache.coyote.http11.Http11Processor.service(Http11Processor.java:407)
	at org.apache.coyote.AbstractProcessorLight.process(AbstractProcessorLight.java:66)
	at org.apache.coyote.AbstractProtocol$ConnectionHandler.process(AbstractProtocol.java:754)
	at org.apache.tomcat.util.net.NioEndpoint$SocketProcessor.doRun(NioEndpoint.java:1376)
	at org.apache.tomcat.util.net.SocketProcessorBase.run(SocketProcessorBase.java:49)
	at java.util.concurrent.ThreadPoolExecutor.runWorker(ThreadPoolExecutor.java:1149)
	at java.util.concurrent.ThreadPoolExecutor$Worker.run(ThreadPoolExecutor.java:624)
	at org.apache.tomcat.util.threads.TaskThread$WrappingRunnable.run(TaskThread.java:61)
	at java.lang.Thread.run(Thread.java:748)

14-Apr-2018 23:16:42.496 SEVERE [http-nio-8080-exec-612] org.apache.catalina.core.StandardWrapperValve.invoke Servlet.service() for servlet [sg.edu.sutd.bank.webapp.servlet.ClientDashboardServlet] in context with path [/sutdbank] threw exception [Unable to compile class for JSP: 

An error occurred at line: [80] in the jsp file: [/WEB-INF/jsp/clientDashboard.jsp]
Syntax error on tokens, delete these tokens
77: 			<%
78: 				String file_name=(String)request.getParameter("filename");
79: 				if(file_name!=null){
80: 				<%
81: 					try{
82: 
83: 				%>


An error occurred at line: [314] in the generated java file: [/Users/darrenng/Desktop/project/bankwebapp/apache-tomcat-9.0.7/work/Catalina/localhost/sutdbank/org/apache/jsp/WEB_002dINF/jsp/clientDashboard_jsp.java]
Syntax error, insert "else Statement" to complete IfStatement

An error occurred at line: [314] in the generated java file: [/Users/darrenng/Desktop/project/bankwebapp/apache-tomcat-9.0.7/work/Catalina/localhost/sutdbank/org/apache/jsp/WEB_002dINF/jsp/clientDashboard_jsp.java]
Syntax error, insert "}" to complete Block

Stacktrace:] with root cause
 org.apache.jasper.JasperException: Unable to compile class for JSP: 

An error occurred at line: [80] in the jsp file: [/WEB-INF/jsp/clientDashboard.jsp]
Syntax error on tokens, delete these tokens
77: 			<%
78: 				String file_name=(String)request.getParameter("filename");
79: 				if(file_name!=null){
80: 				<%
81: 					try{
82: 
83: 				%>


An error occurred at line: [314] in the generated java file: [/Users/darrenng/Desktop/project/bankwebapp/apache-tomcat-9.0.7/work/Catalina/localhost/sutdbank/org/apache/jsp/WEB_002dINF/jsp/clientDashboard_jsp.java]
Syntax error, insert "else Statement" to complete IfStatement

An error occurred at line: [314] in the generated java file: [/Users/darrenng/Desktop/project/bankwebapp/apache-tomcat-9.0.7/work/Catalina/localhost/sutdbank/org/apache/jsp/WEB_002dINF/jsp/clientDashboard_jsp.java]
Syntax error, insert "}" to complete Block

Stacktrace:
	at org.apache.jasper.compiler.DefaultErrorHandler.javacError(DefaultErrorHandler.java:103)
	at org.apache.jasper.compiler.ErrorDispatcher.javacError(ErrorDispatcher.java:213)
	at org.apache.jasper.compiler.JDTCompiler.generateClass(JDTCompiler.java:461)
	at org.apache.jasper.compiler.Compiler.compile(Compiler.java:392)
	at org.apache.jasper.compiler.Compiler.compile(Compiler.java:362)
	at org.apache.jasper.compiler.Compiler.compile(Compiler.java:346)
	at org.apache.jasper.JspCompilationContext.compile(JspCompilationContext.java:603)
	at org.apache.jasper.servlet.JspServletWrapper.service(JspServletWrapper.java:369)
	at org.apache.jasper.servlet.JspServlet.serviceJspFile(JspServlet.java:386)
	at org.apache.jasper.servlet.JspServlet.service(JspServlet.java:330)
	at javax.servlet.http.HttpServlet.service(HttpServlet.java:741)
	at org.apache.catalina.core.ApplicationFilterChain.internalDoFilter(ApplicationFilterChain.java:231)
	at org.apache.catalina.core.ApplicationFilterChain.doFilter(ApplicationFilterChain.java:166)
	at org.apache.tomcat.websocket.server.WsFilter.doFilter(WsFilter.java:53)
	at org.apache.catalina.core.ApplicationFilterChain.internalDoFilter(ApplicationFilterChain.java:193)
	at org.apache.catalina.core.ApplicationFilterChain.doFilter(ApplicationFilterChain.java:166)
	at org.apache.catalina.core.ApplicationDispatcher.invoke(ApplicationDispatcher.java:712)
	at org.apache.catalina.core.ApplicationDispatcher.processRequest(ApplicationDispatcher.java:459)
	at org.apache.catalina.core.ApplicationDispatcher.doForward(ApplicationDispatcher.java:384)
	at org.apache.catalina.core.ApplicationDispatcher.forward(ApplicationDispatcher.java:312)
	at sg.edu.sutd.bank.webapp.servlet.DefaultServlet.forward(DefaultServlet.java:77)
	at sg.edu.sutd.bank.webapp.servlet.DefaultServlet.forward(DefaultServlet.java:47)
	at sg.edu.sutd.bank.webapp.servlet.ClientDashboardServlet.doGet(ClientDashboardServlet.java:45)
	at javax.servlet.http.HttpServlet.service(HttpServlet.java:634)
	at javax.servlet.http.HttpServlet.service(HttpServlet.java:741)
	at org.apache.catalina.core.ApplicationFilterChain.internalDoFilter(ApplicationFilterChain.java:231)
	at org.apache.catalina.core.ApplicationFilterChain.doFilter(ApplicationFilterChain.java:166)
	at org.apache.tomcat.websocket.server.WsFilter.doFilter(WsFilter.java:53)
	at org.apache.catalina.core.ApplicationFilterChain.internalDoFilter(ApplicationFilterChain.java:193)
	at org.apache.catalina.core.ApplicationFilterChain.doFilter(ApplicationFilterChain.java:166)
	at org.apache.catalina.core.StandardWrapperValve.invoke(StandardWrapperValve.java:199)
	at org.apache.catalina.core.StandardContextValve.invoke(StandardContextValve.java:96)
	at org.apache.catalina.authenticator.AuthenticatorBase.invoke(AuthenticatorBase.java:494)
	at org.apache.catalina.core.StandardHostValve.invoke(StandardHostValve.java:137)
	at org.apache.catalina.valves.ErrorReportValve.invoke(ErrorReportValve.java:92)
	at org.apache.catalina.valves.AbstractAccessLogValve.invoke(AbstractAccessLogValve.java:651)
	at org.apache.catalina.core.StandardEngineValve.invoke(StandardEngineValve.java:87)
	at org.apache.catalina.connector.CoyoteAdapter.service(CoyoteAdapter.java:343)
	at org.apache.coyote.http11.Http11Processor.service(Http11Processor.java:407)
	at org.apache.coyote.AbstractProcessorLight.process(AbstractProcessorLight.java:66)
	at org.apache.coyote.AbstractProtocol$ConnectionHandler.process(AbstractProtocol.java:754)
	at org.apache.tomcat.util.net.NioEndpoint$SocketProcessor.doRun(NioEndpoint.java:1376)
	at org.apache.tomcat.util.net.SocketProcessorBase.run(SocketProcessorBase.java:49)
	at java.util.concurrent.ThreadPoolExecutor.runWorker(ThreadPoolExecutor.java:1149)
	at java.util.concurrent.ThreadPoolExecutor$Worker.run(ThreadPoolExecutor.java:624)
	at org.apache.tomcat.util.threads.TaskThread$WrappingRunnable.run(TaskThread.java:61)
	at java.lang.Thread.run(Thread.java:748)

14-Apr-2018 23:17:46.313 SEVERE [http-nio-8080-exec-622] org.apache.catalina.core.ApplicationDispatcher.invoke Servlet.service() for servlet [jsp] threw exception
 org.apache.jasper.JasperException: Unable to compile class for JSP: 

An error occurred at line: [80] in the jsp file: [/WEB-INF/jsp/clientDashboard.jsp]
Syntax error on tokens, delete these tokens
77: 			<%
78: 				String file_name=(String)request.getParameter("filename");
79: 				if(file_name!=null){
80: 				<%
81: 					try{
82: 
83: 				%>


An error occurred at line: [314] in the generated java file: [/Users/darrenng/Desktop/project/bankwebapp/apache-tomcat-9.0.7/work/Catalina/localhost/sutdbank/org/apache/jsp/WEB_002dINF/jsp/clientDashboard_jsp.java]
Syntax error, insert "else Statement" to complete IfStatement

An error occurred at line: [314] in the generated java file: [/Users/darrenng/Desktop/project/bankwebapp/apache-tomcat-9.0.7/work/Catalina/localhost/sutdbank/org/apache/jsp/WEB_002dINF/jsp/clientDashboard_jsp.java]
Syntax error, insert "}" to complete Block

Stacktrace:
	at org.apache.jasper.compiler.DefaultErrorHandler.javacError(DefaultErrorHandler.java:103)
	at org.apache.jasper.compiler.ErrorDispatcher.javacError(ErrorDispatcher.java:213)
	at org.apache.jasper.compiler.JDTCompiler.generateClass(JDTCompiler.java:461)
	at org.apache.jasper.compiler.Compiler.compile(Compiler.java:392)
	at org.apache.jasper.compiler.Compiler.compile(Compiler.java:362)
	at org.apache.jasper.compiler.Compiler.compile(Compiler.java:346)
	at org.apache.jasper.JspCompilationContext.compile(JspCompilationContext.java:603)
	at org.apache.jasper.servlet.JspServletWrapper.service(JspServletWrapper.java:369)
	at org.apache.jasper.servlet.JspServlet.serviceJspFile(JspServlet.java:386)
	at org.apache.jasper.servlet.JspServlet.service(JspServlet.java:330)
	at javax.servlet.http.HttpServlet.service(HttpServlet.java:741)
	at org.apache.catalina.core.ApplicationFilterChain.internalDoFilter(ApplicationFilterChain.java:231)
	at org.apache.catalina.core.ApplicationFilterChain.doFilter(ApplicationFilterChain.java:166)
	at org.apache.tomcat.websocket.server.WsFilter.doFilter(WsFilter.java:53)
	at org.apache.catalina.core.ApplicationFilterChain.internalDoFilter(ApplicationFilterChain.java:193)
	at org.apache.catalina.core.ApplicationFilterChain.doFilter(ApplicationFilterChain.java:166)
	at org.apache.catalina.core.ApplicationDispatcher.invoke(ApplicationDispatcher.java:712)
	at org.apache.catalina.core.ApplicationDispatcher.processRequest(ApplicationDispatcher.java:459)
	at org.apache.catalina.core.ApplicationDispatcher.doForward(ApplicationDispatcher.java:384)
	at org.apache.catalina.core.ApplicationDispatcher.forward(ApplicationDispatcher.java:312)
	at sg.edu.sutd.bank.webapp.servlet.DefaultServlet.forward(DefaultServlet.java:77)
	at sg.edu.sutd.bank.webapp.servlet.DefaultServlet.forward(DefaultServlet.java:47)
	at sg.edu.sutd.bank.webapp.servlet.ClientDashboardServlet.doGet(ClientDashboardServlet.java:45)
	at javax.servlet.http.HttpServlet.service(HttpServlet.java:634)
	at javax.servlet.http.HttpServlet.service(HttpServlet.java:741)
	at org.apache.catalina.core.ApplicationFilterChain.internalDoFilter(ApplicationFilterChain.java:231)
	at org.apache.catalina.core.ApplicationFilterChain.doFilter(ApplicationFilterChain.java:166)
	at org.apache.tomcat.websocket.server.WsFilter.doFilter(WsFilter.java:53)
	at org.apache.catalina.core.ApplicationFilterChain.internalDoFilter(ApplicationFilterChain.java:193)
	at org.apache.catalina.core.ApplicationFilterChain.doFilter(ApplicationFilterChain.java:166)
	at org.apache.catalina.core.StandardWrapperValve.invoke(StandardWrapperValve.java:199)
	at org.apache.catalina.core.StandardContextValve.invoke(StandardContextValve.java:96)
	at org.apache.catalina.authenticator.AuthenticatorBase.invoke(AuthenticatorBase.java:494)
	at org.apache.catalina.core.StandardHostValve.invoke(StandardHostValve.java:137)
	at org.apache.catalina.valves.ErrorReportValve.invoke(ErrorReportValve.java:92)
	at org.apache.catalina.valves.AbstractAccessLogValve.invoke(AbstractAccessLogValve.java:651)
	at org.apache.catalina.core.StandardEngineValve.invoke(StandardEngineValve.java:87)
	at org.apache.catalina.connector.CoyoteAdapter.service(CoyoteAdapter.java:343)
	at org.apache.coyote.http11.Http11Processor.service(Http11Processor.java:407)
	at org.apache.coyote.AbstractProcessorLight.process(AbstractProcessorLight.java:66)
	at org.apache.coyote.AbstractProtocol$ConnectionHandler.process(AbstractProtocol.java:754)
	at org.apache.tomcat.util.net.NioEndpoint$SocketProcessor.doRun(NioEndpoint.java:1376)
	at org.apache.tomcat.util.net.SocketProcessorBase.run(SocketProcessorBase.java:49)
	at java.util.concurrent.ThreadPoolExecutor.runWorker(ThreadPoolExecutor.java:1149)
	at java.util.concurrent.ThreadPoolExecutor$Worker.run(ThreadPoolExecutor.java:624)
	at org.apache.tomcat.util.threads.TaskThread$WrappingRunnable.run(TaskThread.java:61)
	at java.lang.Thread.run(Thread.java:748)

14-Apr-2018 23:17:46.314 SEVERE [http-nio-8080-exec-622] org.apache.catalina.core.StandardWrapperValve.invoke Servlet.service() for servlet [sg.edu.sutd.bank.webapp.servlet.ClientDashboardServlet] in context with path [/sutdbank] threw exception [Unable to compile class for JSP: 

An error occurred at line: [80] in the jsp file: [/WEB-INF/jsp/clientDashboard.jsp]
Syntax error on tokens, delete these tokens
77: 			<%
78: 				String file_name=(String)request.getParameter("filename");
79: 				if(file_name!=null){
80: 				<%
81: 					try{
82: 
83: 				%>


An error occurred at line: [314] in the generated java file: [/Users/darrenng/Desktop/project/bankwebapp/apache-tomcat-9.0.7/work/Catalina/localhost/sutdbank/org/apache/jsp/WEB_002dINF/jsp/clientDashboard_jsp.java]
Syntax error, insert "else Statement" to complete IfStatement

An error occurred at line: [314] in the generated java file: [/Users/darrenng/Desktop/project/bankwebapp/apache-tomcat-9.0.7/work/Catalina/localhost/sutdbank/org/apache/jsp/WEB_002dINF/jsp/clientDashboard_jsp.java]
Syntax error, insert "}" to complete Block

Stacktrace:] with root cause
 org.apache.jasper.JasperException: Unable to compile class for JSP: 

An error occurred at line: [80] in the jsp file: [/WEB-INF/jsp/clientDashboard.jsp]
Syntax error on tokens, delete these tokens
77: 			<%
78: 				String file_name=(String)request.getParameter("filename");
79: 				if(file_name!=null){
80: 				<%
81: 					try{
82: 
83: 				%>


An error occurred at line: [314] in the generated java file: [/Users/darrenng/Desktop/project/bankwebapp/apache-tomcat-9.0.7/work/Catalina/localhost/sutdbank/org/apache/jsp/WEB_002dINF/jsp/clientDashboard_jsp.java]
Syntax error, insert "else Statement" to complete IfStatement

An error occurred at line: [314] in the generated java file: [/Users/darrenng/Desktop/project/bankwebapp/apache-tomcat-9.0.7/work/Catalina/localhost/sutdbank/org/apache/jsp/WEB_002dINF/jsp/clientDashboard_jsp.java]
Syntax error, insert "}" to complete Block

Stacktrace:
	at org.apache.jasper.compiler.DefaultErrorHandler.javacError(DefaultErrorHandler.java:103)
	at org.apache.jasper.compiler.ErrorDispatcher.javacError(ErrorDispatcher.java:213)
	at org.apache.jasper.compiler.JDTCompiler.generateClass(JDTCompiler.java:461)
	at org.apache.jasper.compiler.Compiler.compile(Compiler.java:392)
	at org.apache.jasper.compiler.Compiler.compile(Compiler.java:362)
	at org.apache.jasper.compiler.Compiler.compile(Compiler.java:346)
	at org.apache.jasper.JspCompilationContext.compile(JspCompilationContext.java:603)
	at org.apache.jasper.servlet.JspServletWrapper.service(JspServletWrapper.java:369)
	at org.apache.jasper.servlet.JspServlet.serviceJspFile(JspServlet.java:386)
	at org.apache.jasper.servlet.JspServlet.service(JspServlet.java:330)
	at javax.servlet.http.HttpServlet.service(HttpServlet.java:741)
	at org.apache.catalina.core.ApplicationFilterChain.internalDoFilter(ApplicationFilterChain.java:231)
	at org.apache.catalina.core.ApplicationFilterChain.doFilter(ApplicationFilterChain.java:166)
	at org.apache.tomcat.websocket.server.WsFilter.doFilter(WsFilter.java:53)
	at org.apache.catalina.core.ApplicationFilterChain.internalDoFilter(ApplicationFilterChain.java:193)
	at org.apache.catalina.core.ApplicationFilterChain.doFilter(ApplicationFilterChain.java:166)
	at org.apache.catalina.core.ApplicationDispatcher.invoke(ApplicationDispatcher.java:712)
	at org.apache.catalina.core.ApplicationDispatcher.processRequest(ApplicationDispatcher.java:459)
	at org.apache.catalina.core.ApplicationDispatcher.doForward(ApplicationDispatcher.java:384)
	at org.apache.catalina.core.ApplicationDispatcher.forward(ApplicationDispatcher.java:312)
	at sg.edu.sutd.bank.webapp.servlet.DefaultServlet.forward(DefaultServlet.java:77)
	at sg.edu.sutd.bank.webapp.servlet.DefaultServlet.forward(DefaultServlet.java:47)
	at sg.edu.sutd.bank.webapp.servlet.ClientDashboardServlet.doGet(ClientDashboardServlet.java:45)
	at javax.servlet.http.HttpServlet.service(HttpServlet.java:634)
	at javax.servlet.http.HttpServlet.service(HttpServlet.java:741)
	at org.apache.catalina.core.ApplicationFilterChain.internalDoFilter(ApplicationFilterChain.java:231)
	at org.apache.catalina.core.ApplicationFilterChain.doFilter(ApplicationFilterChain.java:166)
	at org.apache.tomcat.websocket.server.WsFilter.doFilter(WsFilter.java:53)
	at org.apache.catalina.core.ApplicationFilterChain.internalDoFilter(ApplicationFilterChain.java:193)
	at org.apache.catalina.core.ApplicationFilterChain.doFilter(ApplicationFilterChain.java:166)
	at org.apache.catalina.core.StandardWrapperValve.invoke(StandardWrapperValve.java:199)
	at org.apache.catalina.core.StandardContextValve.invoke(StandardContextValve.java:96)
	at org.apache.catalina.authenticator.AuthenticatorBase.invoke(AuthenticatorBase.java:494)
	at org.apache.catalina.core.StandardHostValve.invoke(StandardHostValve.java:137)
	at org.apache.catalina.valves.ErrorReportValve.invoke(ErrorReportValve.java:92)
	at org.apache.catalina.valves.AbstractAccessLogValve.invoke(AbstractAccessLogValve.java:651)
	at org.apache.catalina.core.StandardEngineValve.invoke(StandardEngineValve.java:87)
	at org.apache.catalina.connector.CoyoteAdapter.service(CoyoteAdapter.java:343)
	at org.apache.coyote.http11.Http11Processor.service(Http11Processor.java:407)
	at org.apache.coyote.AbstractProcessorLight.process(AbstractProcessorLight.java:66)
	at org.apache.coyote.AbstractProtocol$ConnectionHandler.process(AbstractProtocol.java:754)
	at org.apache.tomcat.util.net.NioEndpoint$SocketProcessor.doRun(NioEndpoint.java:1376)
	at org.apache.tomcat.util.net.SocketProcessorBase.run(SocketProcessorBase.java:49)
	at java.util.concurrent.ThreadPoolExecutor.runWorker(ThreadPoolExecutor.java:1149)
	at java.util.concurrent.ThreadPoolExecutor$Worker.run(ThreadPoolExecutor.java:624)
	at org.apache.tomcat.util.threads.TaskThread$WrappingRunnable.run(TaskThread.java:61)
	at java.lang.Thread.run(Thread.java:748)

