15-Apr-2018 01:45:12.643 SEVERE [ContainerBackgroundProcessor[StandardEngine[Catalina]]] org.apache.catalina.core.StandardContext.loadOnStartup Servlet [FileUploadServlet] in web application [/sutdbank] threw load() exception
 org.apache.jasper.JasperException: /WEB-INF/jsp/fileUpload.jsp (line: [13], column: [0]) /WEB-INF/jsp/header.jsp (line: [1], column: [61]) The prefix [c] specified in this tag directive has been previously used by an action in file [/WEB-INF/jsp/pageHeader.jsp] line [18].
	at org.apache.jasper.compiler.DefaultErrorHandler.jspError(DefaultErrorHandler.java:42)
	at org.apache.jasper.compiler.ErrorDispatcher.dispatch(ErrorDispatcher.java:292)
	at org.apache.jasper.compiler.ErrorDispatcher.jspError(ErrorDispatcher.java:98)
	at org.apache.jasper.compiler.Parser.processIncludeDirective(Parser.java:347)
	at org.apache.jasper.compiler.Parser.parseIncludeDirective(Parser.java:380)
	at org.apache.jasper.compiler.Parser.parseDirective(Parser.java:481)
	at org.apache.jasper.compiler.Parser.parseElements(Parser.java:1445)
	at org.apache.jasper.compiler.Parser.parse(Parser.java:144)
	at org.apache.jasper.compiler.ParserController.doParse(ParserController.java:244)
	at org.apache.jasper.compiler.ParserController.parse(ParserController.java:105)
	at org.apache.jasper.compiler.Compiler.generateJava(Compiler.java:206)
	at org.apache.jasper.compiler.Compiler.compile(Compiler.java:385)
	at org.apache.jasper.compiler.Compiler.compile(Compiler.java:362)
	at org.apache.jasper.compiler.Compiler.compile(Compiler.java:346)
	at org.apache.jasper.JspCompilationContext.compile(JspCompilationContext.java:603)
	at org.apache.jasper.servlet.JspServletWrapper.service(JspServletWrapper.java:369)
	at org.apache.jasper.servlet.JspServlet.serviceJspFile(JspServlet.java:386)
	at org.apache.jasper.servlet.JspServlet.init(JspServlet.java:139)
	at org.apache.catalina.core.StandardWrapper.initServlet(StandardWrapper.java:1124)
	at org.apache.catalina.core.StandardWrapper.loadServlet(StandardWrapper.java:1079)
	at org.apache.catalina.core.StandardWrapper.load(StandardWrapper.java:971)
	at org.apache.catalina.core.StandardContext.loadOnStartup(StandardContext.java:4788)
	at org.apache.catalina.core.StandardContext.startInternal(StandardContext.java:5100)
	at org.apache.catalina.util.LifecycleBase.start(LifecycleBase.java:183)
	at org.apache.catalina.core.ContainerBase.addChildInternal(ContainerBase.java:742)
	at org.apache.catalina.core.ContainerBase.addChild(ContainerBase.java:718)
	at org.apache.catalina.core.StandardHost.addChild(StandardHost.java:703)
	at org.apache.catalina.startup.HostConfig.deployWAR(HostConfig.java:986)
	at org.apache.catalina.startup.HostConfig$DeployWar.run(HostConfig.java:1857)
	at java.util.concurrent.Executors$RunnableAdapter.call(Executors.java:511)
	at java.util.concurrent.FutureTask.run(FutureTask.java:266)
	at org.apache.tomcat.util.threads.InlineExecutorService.execute(InlineExecutorService.java:75)
	at java.util.concurrent.AbstractExecutorService.submit(AbstractExecutorService.java:112)
	at org.apache.catalina.startup.HostConfig.deployWARs(HostConfig.java:772)
	at org.apache.catalina.startup.HostConfig.deployApps(HostConfig.java:426)
	at org.apache.catalina.startup.HostConfig.check(HostConfig.java:1629)
	at org.apache.catalina.startup.HostConfig.lifecycleEvent(HostConfig.java:304)
	at org.apache.catalina.util.LifecycleBase.fireLifecycleEvent(LifecycleBase.java:123)
	at org.apache.catalina.core.ContainerBase.backgroundProcess(ContainerBase.java:1174)
	at org.apache.catalina.core.ContainerBase$ContainerBackgroundProcessor.processChildren(ContainerBase.java:1396)
	at org.apache.catalina.core.ContainerBase$ContainerBackgroundProcessor.processChildren(ContainerBase.java:1400)
	at org.apache.catalina.core.ContainerBase$ContainerBackgroundProcessor.run(ContainerBase.java:1368)
	at java.lang.Thread.run(Thread.java:748)

15-Apr-2018 01:47:14.553 SEVERE [ContainerBackgroundProcessor[StandardEngine[Catalina]]] org.apache.catalina.core.StandardContext.loadOnStartup Servlet [FileUploadServlet] in web application [/sutdbank] threw load() exception
 org.apache.jasper.JasperException: /WEB-INF/jsp/fileUpload.jsp (line: [13], column: [0]) /WEB-INF/jsp/header.jsp (line: [1], column: [61]) The prefix [c] specified in this tag directive has been previously used by an action in file [/WEB-INF/jsp/pageHeader.jsp] line [18].
	at org.apache.jasper.compiler.DefaultErrorHandler.jspError(DefaultErrorHandler.java:42)
	at org.apache.jasper.compiler.ErrorDispatcher.dispatch(ErrorDispatcher.java:292)
	at org.apache.jasper.compiler.ErrorDispatcher.jspError(ErrorDispatcher.java:98)
	at org.apache.jasper.compiler.Parser.processIncludeDirective(Parser.java:347)
	at org.apache.jasper.compiler.Parser.parseIncludeDirective(Parser.java:380)
	at org.apache.jasper.compiler.Parser.parseDirective(Parser.java:481)
	at org.apache.jasper.compiler.Parser.parseElements(Parser.java:1445)
	at org.apache.jasper.compiler.Parser.parse(Parser.java:144)
	at org.apache.jasper.compiler.ParserController.doParse(ParserController.java:244)
	at org.apache.jasper.compiler.ParserController.parse(ParserController.java:105)
	at org.apache.jasper.compiler.Compiler.generateJava(Compiler.java:206)
	at org.apache.jasper.compiler.Compiler.compile(Compiler.java:385)
	at org.apache.jasper.compiler.Compiler.compile(Compiler.java:362)
	at org.apache.jasper.compiler.Compiler.compile(Compiler.java:346)
	at org.apache.jasper.JspCompilationContext.compile(JspCompilationContext.java:603)
	at org.apache.jasper.servlet.JspServletWrapper.service(JspServletWrapper.java:369)
	at org.apache.jasper.servlet.JspServlet.serviceJspFile(JspServlet.java:386)
	at org.apache.jasper.servlet.JspServlet.init(JspServlet.java:139)
	at org.apache.catalina.core.StandardWrapper.initServlet(StandardWrapper.java:1124)
	at org.apache.catalina.core.StandardWrapper.loadServlet(StandardWrapper.java:1079)
	at org.apache.catalina.core.StandardWrapper.load(StandardWrapper.java:971)
	at org.apache.catalina.core.StandardContext.loadOnStartup(StandardContext.java:4788)
	at org.apache.catalina.core.StandardContext.startInternal(StandardContext.java:5100)
	at org.apache.catalina.util.LifecycleBase.start(LifecycleBase.java:183)
	at org.apache.catalina.core.ContainerBase.addChildInternal(ContainerBase.java:742)
	at org.apache.catalina.core.ContainerBase.addChild(ContainerBase.java:718)
	at org.apache.catalina.core.StandardHost.addChild(StandardHost.java:703)
	at org.apache.catalina.startup.HostConfig.deployWAR(HostConfig.java:986)
	at org.apache.catalina.startup.HostConfig$DeployWar.run(HostConfig.java:1857)
	at java.util.concurrent.Executors$RunnableAdapter.call(Executors.java:511)
	at java.util.concurrent.FutureTask.run(FutureTask.java:266)
	at org.apache.tomcat.util.threads.InlineExecutorService.execute(InlineExecutorService.java:75)
	at java.util.concurrent.AbstractExecutorService.submit(AbstractExecutorService.java:112)
	at org.apache.catalina.startup.HostConfig.deployWARs(HostConfig.java:772)
	at org.apache.catalina.startup.HostConfig.deployApps(HostConfig.java:426)
	at org.apache.catalina.startup.HostConfig.check(HostConfig.java:1629)
	at org.apache.catalina.startup.HostConfig.lifecycleEvent(HostConfig.java:304)
	at org.apache.catalina.util.LifecycleBase.fireLifecycleEvent(LifecycleBase.java:123)
	at org.apache.catalina.core.ContainerBase.backgroundProcess(ContainerBase.java:1174)
	at org.apache.catalina.core.ContainerBase$ContainerBackgroundProcessor.processChildren(ContainerBase.java:1396)
	at org.apache.catalina.core.ContainerBase$ContainerBackgroundProcessor.processChildren(ContainerBase.java:1400)
	at org.apache.catalina.core.ContainerBase$ContainerBackgroundProcessor.run(ContainerBase.java:1368)
	at java.lang.Thread.run(Thread.java:748)

15-Apr-2018 13:40:43.235 SEVERE [ContainerBackgroundProcessor[StandardEngine[Catalina]]] org.apache.catalina.core.StandardContext.loadOnStartup Servlet [FileUploadServlet] in web application [/sutdbank] threw load() exception
 org.apache.jasper.JasperException: /WEB-INF/jsp/fileUpload.jsp (line: [13], column: [0]) /WEB-INF/jsp/header.jsp (line: [1], column: [61]) The prefix [c] specified in this tag directive has been previously used by an action in file [/WEB-INF/jsp/pageHeader.jsp] line [18].
	at org.apache.jasper.compiler.DefaultErrorHandler.jspError(DefaultErrorHandler.java:42)
	at org.apache.jasper.compiler.ErrorDispatcher.dispatch(ErrorDispatcher.java:292)
	at org.apache.jasper.compiler.ErrorDispatcher.jspError(ErrorDispatcher.java:98)
	at org.apache.jasper.compiler.Parser.processIncludeDirective(Parser.java:347)
	at org.apache.jasper.compiler.Parser.parseIncludeDirective(Parser.java:380)
	at org.apache.jasper.compiler.Parser.parseDirective(Parser.java:481)
	at org.apache.jasper.compiler.Parser.parseElements(Parser.java:1445)
	at org.apache.jasper.compiler.Parser.parse(Parser.java:144)
	at org.apache.jasper.compiler.ParserController.doParse(ParserController.java:244)
	at org.apache.jasper.compiler.ParserController.parse(ParserController.java:105)
	at org.apache.jasper.compiler.Compiler.generateJava(Compiler.java:206)
	at org.apache.jasper.compiler.Compiler.compile(Compiler.java:385)
	at org.apache.jasper.compiler.Compiler.compile(Compiler.java:362)
	at org.apache.jasper.compiler.Compiler.compile(Compiler.java:346)
	at org.apache.jasper.JspCompilationContext.compile(JspCompilationContext.java:603)
	at org.apache.jasper.servlet.JspServletWrapper.service(JspServletWrapper.java:369)
	at org.apache.jasper.servlet.JspServlet.serviceJspFile(JspServlet.java:386)
	at org.apache.jasper.servlet.JspServlet.init(JspServlet.java:139)
	at org.apache.catalina.core.StandardWrapper.initServlet(StandardWrapper.java:1124)
	at org.apache.catalina.core.StandardWrapper.loadServlet(StandardWrapper.java:1079)
	at org.apache.catalina.core.StandardWrapper.load(StandardWrapper.java:971)
	at org.apache.catalina.core.StandardContext.loadOnStartup(StandardContext.java:4788)
	at org.apache.catalina.core.StandardContext.startInternal(StandardContext.java:5100)
	at org.apache.catalina.util.LifecycleBase.start(LifecycleBase.java:183)
	at org.apache.catalina.core.ContainerBase.addChildInternal(ContainerBase.java:742)
	at org.apache.catalina.core.ContainerBase.addChild(ContainerBase.java:718)
	at org.apache.catalina.core.StandardHost.addChild(StandardHost.java:703)
	at org.apache.catalina.startup.HostConfig.deployWAR(HostConfig.java:986)
	at org.apache.catalina.startup.HostConfig$DeployWar.run(HostConfig.java:1857)
	at java.util.concurrent.Executors$RunnableAdapter.call(Executors.java:511)
	at java.util.concurrent.FutureTask.run(FutureTask.java:266)
	at org.apache.tomcat.util.threads.InlineExecutorService.execute(InlineExecutorService.java:75)
	at java.util.concurrent.AbstractExecutorService.submit(AbstractExecutorService.java:112)
	at org.apache.catalina.startup.HostConfig.deployWARs(HostConfig.java:772)
	at org.apache.catalina.startup.HostConfig.deployApps(HostConfig.java:426)
	at org.apache.catalina.startup.HostConfig.check(HostConfig.java:1629)
	at org.apache.catalina.startup.HostConfig.lifecycleEvent(HostConfig.java:304)
	at org.apache.catalina.util.LifecycleBase.fireLifecycleEvent(LifecycleBase.java:123)
	at org.apache.catalina.core.ContainerBase.backgroundProcess(ContainerBase.java:1174)
	at org.apache.catalina.core.ContainerBase$ContainerBackgroundProcessor.processChildren(ContainerBase.java:1396)
	at org.apache.catalina.core.ContainerBase$ContainerBackgroundProcessor.processChildren(ContainerBase.java:1400)
	at org.apache.catalina.core.ContainerBase$ContainerBackgroundProcessor.run(ContainerBase.java:1368)
	at java.lang.Thread.run(Thread.java:748)

15-Apr-2018 14:05:14.412 SEVERE [ContainerBackgroundProcessor[StandardEngine[Catalina]]] org.apache.catalina.core.StandardContext.loadOnStartup Servlet [FileUploadServlet] in web application [/sutdbank] threw load() exception
 org.apache.jasper.JasperException: /WEB-INF/jsp/FileUploadServlet.jsp (line: [15], column: [0]) /WEB-INF/jsp/header.jsp (line: [1], column: [61]) The prefix [c] specified in this tag directive has been previously used by an action in file [/WEB-INF/jsp/pageHeader.jsp] line [18].
	at org.apache.jasper.compiler.DefaultErrorHandler.jspError(DefaultErrorHandler.java:42)
	at org.apache.jasper.compiler.ErrorDispatcher.dispatch(ErrorDispatcher.java:292)
	at org.apache.jasper.compiler.ErrorDispatcher.jspError(ErrorDispatcher.java:98)
	at org.apache.jasper.compiler.Parser.processIncludeDirective(Parser.java:347)
	at org.apache.jasper.compiler.Parser.parseIncludeDirective(Parser.java:380)
	at org.apache.jasper.compiler.Parser.parseDirective(Parser.java:481)
	at org.apache.jasper.compiler.Parser.parseElements(Parser.java:1445)
	at org.apache.jasper.compiler.Parser.parse(Parser.java:144)
	at org.apache.jasper.compiler.ParserController.doParse(ParserController.java:244)
	at org.apache.jasper.compiler.ParserController.parse(ParserController.java:105)
	at org.apache.jasper.compiler.Compiler.generateJava(Compiler.java:206)
	at org.apache.jasper.compiler.Compiler.compile(Compiler.java:385)
	at org.apache.jasper.compiler.Compiler.compile(Compiler.java:362)
	at org.apache.jasper.compiler.Compiler.compile(Compiler.java:346)
	at org.apache.jasper.JspCompilationContext.compile(JspCompilationContext.java:603)
	at org.apache.jasper.servlet.JspServletWrapper.service(JspServletWrapper.java:369)
	at org.apache.jasper.servlet.JspServlet.serviceJspFile(JspServlet.java:386)
	at org.apache.jasper.servlet.JspServlet.init(JspServlet.java:139)
	at org.apache.catalina.core.StandardWrapper.initServlet(StandardWrapper.java:1124)
	at org.apache.catalina.core.StandardWrapper.loadServlet(StandardWrapper.java:1079)
	at org.apache.catalina.core.StandardWrapper.load(StandardWrapper.java:971)
	at org.apache.catalina.core.StandardContext.loadOnStartup(StandardContext.java:4788)
	at org.apache.catalina.core.StandardContext.startInternal(StandardContext.java:5100)
	at org.apache.catalina.util.LifecycleBase.start(LifecycleBase.java:183)
	at org.apache.catalina.core.ContainerBase.addChildInternal(ContainerBase.java:742)
	at org.apache.catalina.core.ContainerBase.addChild(ContainerBase.java:718)
	at org.apache.catalina.core.StandardHost.addChild(StandardHost.java:703)
	at org.apache.catalina.startup.HostConfig.deployWAR(HostConfig.java:986)
	at org.apache.catalina.startup.HostConfig$DeployWar.run(HostConfig.java:1857)
	at java.util.concurrent.Executors$RunnableAdapter.call(Executors.java:511)
	at java.util.concurrent.FutureTask.run(FutureTask.java:266)
	at org.apache.tomcat.util.threads.InlineExecutorService.execute(InlineExecutorService.java:75)
	at java.util.concurrent.AbstractExecutorService.submit(AbstractExecutorService.java:112)
	at org.apache.catalina.startup.HostConfig.deployWARs(HostConfig.java:772)
	at org.apache.catalina.startup.HostConfig.deployApps(HostConfig.java:426)
	at org.apache.catalina.startup.HostConfig.check(HostConfig.java:1629)
	at org.apache.catalina.startup.HostConfig.lifecycleEvent(HostConfig.java:304)
	at org.apache.catalina.util.LifecycleBase.fireLifecycleEvent(LifecycleBase.java:123)
	at org.apache.catalina.core.ContainerBase.backgroundProcess(ContainerBase.java:1174)
	at org.apache.catalina.core.ContainerBase$ContainerBackgroundProcessor.processChildren(ContainerBase.java:1396)
	at org.apache.catalina.core.ContainerBase$ContainerBackgroundProcessor.processChildren(ContainerBase.java:1400)
	at org.apache.catalina.core.ContainerBase$ContainerBackgroundProcessor.run(ContainerBase.java:1368)
	at java.lang.Thread.run(Thread.java:748)

15-Apr-2018 14:05:27.969 SEVERE [http-nio-8080-exec-794] org.apache.catalina.core.StandardWrapperValve.invoke Allocate exception for servlet [FileUploadServlet]
 org.apache.jasper.JasperException: /WEB-INF/jsp/FileUploadServlet.jsp (line: [15], column: [0]) /WEB-INF/jsp/header.jsp (line: [1], column: [61]) The prefix [c] specified in this tag directive has been previously used by an action in file [/WEB-INF/jsp/pageHeader.jsp] line [18].
	at org.apache.jasper.compiler.DefaultErrorHandler.jspError(DefaultErrorHandler.java:42)
	at org.apache.jasper.compiler.ErrorDispatcher.dispatch(ErrorDispatcher.java:292)
	at org.apache.jasper.compiler.ErrorDispatcher.jspError(ErrorDispatcher.java:98)
	at org.apache.jasper.compiler.Parser.processIncludeDirective(Parser.java:347)
	at org.apache.jasper.compiler.Parser.parseIncludeDirective(Parser.java:380)
	at org.apache.jasper.compiler.Parser.parseDirective(Parser.java:481)
	at org.apache.jasper.compiler.Parser.parseElements(Parser.java:1445)
	at org.apache.jasper.compiler.Parser.parse(Parser.java:144)
	at org.apache.jasper.compiler.ParserController.doParse(ParserController.java:244)
	at org.apache.jasper.compiler.ParserController.parse(ParserController.java:105)
	at org.apache.jasper.compiler.Compiler.generateJava(Compiler.java:206)
	at org.apache.jasper.compiler.Compiler.compile(Compiler.java:385)
	at org.apache.jasper.compiler.Compiler.compile(Compiler.java:362)
	at org.apache.jasper.compiler.Compiler.compile(Compiler.java:346)
	at org.apache.jasper.JspCompilationContext.compile(JspCompilationContext.java:603)
	at org.apache.jasper.servlet.JspServletWrapper.service(JspServletWrapper.java:369)
	at org.apache.jasper.servlet.JspServlet.serviceJspFile(JspServlet.java:386)
	at org.apache.jasper.servlet.JspServlet.init(JspServlet.java:139)
	at org.apache.catalina.core.StandardWrapper.initServlet(StandardWrapper.java:1124)
	at org.apache.catalina.core.StandardWrapper.loadServlet(StandardWrapper.java:1079)
	at org.apache.catalina.core.StandardWrapper.allocate(StandardWrapper.java:761)
	at org.apache.catalina.core.StandardWrapperValve.invoke(StandardWrapperValve.java:133)
	at org.apache.catalina.core.StandardContextValve.invoke(StandardContextValve.java:96)
	at org.apache.catalina.authenticator.AuthenticatorBase.invoke(AuthenticatorBase.java:494)
	at org.apache.catalina.core.StandardHostValve.invoke(StandardHostValve.java:137)
	at org.apache.catalina.valves.ErrorReportValve.invoke(ErrorReportValve.java:92)
	at org.apache.catalina.valves.AbstractAccessLogValve.invoke(AbstractAccessLogValve.java:651)
	at org.apache.catalina.core.StandardEngineValve.invoke(StandardEngineValve.java:87)
	at org.apache.catalina.connector.CoyoteAdapter.service(CoyoteAdapter.java:343)
	at org.apache.coyote.http11.Http11Processor.service(Http11Processor.java:407)
	at org.apache.coyote.AbstractProcessorLight.process(AbstractProcessorLight.java:66)
	at org.apache.coyote.AbstractProtocol$ConnectionHandler.process(AbstractProtocol.java:754)
	at org.apache.tomcat.util.net.NioEndpoint$SocketProcessor.doRun(NioEndpoint.java:1376)
	at org.apache.tomcat.util.net.SocketProcessorBase.run(SocketProcessorBase.java:49)
	at java.util.concurrent.ThreadPoolExecutor.runWorker(ThreadPoolExecutor.java:1149)
	at java.util.concurrent.ThreadPoolExecutor$Worker.run(ThreadPoolExecutor.java:624)
	at org.apache.tomcat.util.threads.TaskThread$WrappingRunnable.run(TaskThread.java:61)
	at java.lang.Thread.run(Thread.java:748)

